"2022-07-07 10:49:12 [restartedMain] INFO  c.c.c.CalculateNetworthApplication - Starting CalculateNetworthApplication using Java 16.0.1 on LAPTOP-CJKHE4KD with PID 64188 (C:\Users\mdsai\Downloads\5_6143241665072072678\Portfolio project\CalculateNetworth1\CalculateNetworth\target\classes started by mdsai in C:\Users\mdsai\Downloads\5_6143241665072072678\Portfolio project\CalculateNetworth1\CalculateNetworth)
""2022-07-07 10:49:12 [restartedMain] INFO  c.c.c.CalculateNetworthApplication - No active profile set, falling back to 1 default profile: "default"
""2022-07-07 10:49:12 [restartedMain] INFO  o.s.b.d.e.DevToolsPropertyDefaultsPostProcessor - Devtools property defaults active! Set 'spring.devtools.add-properties' to 'false' to disable
""2022-07-07 10:49:12 [restartedMain] INFO  o.s.b.d.e.DevToolsPropertyDefaultsPostProcessor - For additional web related logging consider setting the 'logging.level.web' property to 'DEBUG'
""2022-07-07 10:49:13 [restartedMain] INFO  o.s.d.r.c.RepositoryConfigurationDelegate - Bootstrapping Spring Data JPA repositories in DEFAULT mode.
""2022-07-07 10:49:13 [restartedMain] INFO  o.s.d.r.c.RepositoryConfigurationDelegate - Finished Spring Data repository scanning in 57 ms. Found 3 JPA repository interfaces.
""2022-07-07 10:49:14 [restartedMain] INFO  o.s.cloud.context.scope.GenericScope - BeanFactory id=1a346f62-3f8f-351a-b967-8e42e2e63520
""2022-07-07 10:49:14 [restartedMain] INFO  o.s.b.w.e.tomcat.TomcatWebServer - Tomcat initialized with port(s): 8084 (http)
""2022-07-07 10:49:14 [restartedMain] INFO  o.a.catalina.core.StandardService - Starting service [Tomcat]
""2022-07-07 10:49:14 [restartedMain] INFO  o.a.catalina.core.StandardEngine - Starting Servlet engine: [Apache Tomcat/9.0.58]
""2022-07-07 10:49:15 [restartedMain] INFO  o.a.c.c.C.[Tomcat].[localhost].[/] - Initializing Spring embedded WebApplicationContext
""2022-07-07 10:49:15 [restartedMain] INFO  o.s.b.w.s.c.ServletWebServerApplicationContext - Root WebApplicationContext: initialization completed in 2125 ms
""2022-07-07 10:49:15 [restartedMain] INFO  com.zaxxer.hikari.HikariDataSource - HikariPool-1 - Starting...
""2022-07-07 10:49:15 [restartedMain] INFO  com.zaxxer.hikari.HikariDataSource - HikariPool-1 - Start completed.
""2022-07-07 10:49:15 [restartedMain] INFO  o.s.b.a.h.H2ConsoleAutoConfiguration - H2 console available at '/h2-console'. Database available at 'jdbc:h2:mem:pms'
""2022-07-07 10:49:15 [restartedMain] INFO  o.h.jpa.internal.util.LogHelper - HHH000204: Processing PersistenceUnitInfo [name: default]
""2022-07-07 10:49:15 [restartedMain] INFO  org.hibernate.Version - HHH000412: Hibernate ORM core version 5.6.5.Final
""2022-07-07 10:49:15 [restartedMain] INFO  o.h.annotations.common.Version - HCANN000001: Hibernate Commons Annotations {5.1.2.Final}
""2022-07-07 10:49:15 [restartedMain] INFO  org.hibernate.dialect.Dialect - HHH000400: Using dialect: org.hibernate.dialect.H2Dialect
""2022-07-07 10:49:16 [restartedMain] INFO  o.h.e.t.j.p.i.JtaPlatformInitiator - HHH000490: Using JtaPlatform implementation: [org.hibernate.engine.transaction.jta.platform.internal.NoJtaPlatform]
""2022-07-07 10:49:16 [restartedMain] INFO  o.s.o.j.LocalContainerEntityManagerFactoryBean - Initialized JPA EntityManagerFactory for persistence unit 'default'
""2022-07-07 10:49:16 [restartedMain] WARN  o.s.b.a.o.j.JpaBaseConfiguration$JpaWebConfiguration - spring.jpa.open-in-view is enabled by default. Therefore, database queries may be performed during view rendering. Explicitly configure spring.jpa.open-in-view to disable this warning
""2022-07-07 10:49:16 [restartedMain] WARN  o.s.b.d.a.OptionalLiveReloadServer - Unable to start LiveReload server
""2022-07-07 10:49:17 [restartedMain] INFO  o.s.b.w.e.tomcat.TomcatWebServer - Tomcat started on port(s): 8084 (http) with context path ''
""2022-07-07 10:49:17 [restartedMain] INFO  c.c.c.CalculateNetworthApplication - Started CalculateNetworthApplication in 5.552 seconds (JVM running for 6.108)
""2022-07-07 10:58:06 [restartedMain] INFO  c.c.c.CalculateNetworthApplication - Starting CalculateNetworthApplication using Java 16.0.1 on LAPTOP-CJKHE4KD with PID 48548 (C:\Users\mdsai\Downloads\5_6143241665072072678\Portfolio project\CalculateNetworth1\CalculateNetworth\target\classes started by mdsai in C:\Users\mdsai\Downloads\5_6143241665072072678\Portfolio project\CalculateNetworth1\CalculateNetworth)
""2022-07-07 10:58:06 [restartedMain] INFO  c.c.c.CalculateNetworthApplication - No active profile set, falling back to 1 default profile: "default"
""2022-07-07 10:58:06 [restartedMain] INFO  o.s.b.d.e.DevToolsPropertyDefaultsPostProcessor - Devtools property defaults active! Set 'spring.devtools.add-properties' to 'false' to disable
""2022-07-07 10:58:06 [restartedMain] INFO  o.s.b.d.e.DevToolsPropertyDefaultsPostProcessor - For additional web related logging consider setting the 'logging.level.web' property to 'DEBUG'
""2022-07-07 10:58:07 [restartedMain] INFO  o.s.d.r.c.RepositoryConfigurationDelegate - Bootstrapping Spring Data JPA repositories in DEFAULT mode.
""2022-07-07 10:58:07 [restartedMain] INFO  o.s.d.r.c.RepositoryConfigurationDelegate - Finished Spring Data repository scanning in 59 ms. Found 3 JPA repository interfaces.
""2022-07-07 10:58:07 [restartedMain] INFO  o.s.cloud.context.scope.GenericScope - BeanFactory id=1a346f62-3f8f-351a-b967-8e42e2e63520
""2022-07-07 10:58:08 [restartedMain] INFO  o.s.b.w.e.tomcat.TomcatWebServer - Tomcat initialized with port(s): 8084 (http)
""2022-07-07 10:58:08 [restartedMain] INFO  o.a.catalina.core.StandardService - Starting service [Tomcat]
""2022-07-07 10:58:08 [restartedMain] INFO  o.a.catalina.core.StandardEngine - Starting Servlet engine: [Apache Tomcat/9.0.58]
""2022-07-07 10:58:08 [restartedMain] INFO  o.a.c.c.C.[Tomcat].[localhost].[/] - Initializing Spring embedded WebApplicationContext
""2022-07-07 10:58:08 [restartedMain] INFO  o.s.b.w.s.c.ServletWebServerApplicationContext - Root WebApplicationContext: initialization completed in 2103 ms
""2022-07-07 10:58:08 [restartedMain] INFO  com.zaxxer.hikari.HikariDataSource - HikariPool-1 - Starting...
""2022-07-07 10:58:08 [restartedMain] INFO  com.zaxxer.hikari.HikariDataSource - HikariPool-1 - Start completed.
""2022-07-07 10:58:08 [restartedMain] INFO  o.s.b.a.h.H2ConsoleAutoConfiguration - H2 console available at '/h2-console'. Database available at 'jdbc:h2:mem:pms'
""2022-07-07 10:58:08 [restartedMain] INFO  o.h.jpa.internal.util.LogHelper - HHH000204: Processing PersistenceUnitInfo [name: default]
""2022-07-07 10:58:08 [restartedMain] INFO  org.hibernate.Version - HHH000412: Hibernate ORM core version 5.6.5.Final
""2022-07-07 10:58:08 [restartedMain] INFO  o.h.annotations.common.Version - HCANN000001: Hibernate Commons Annotations {5.1.2.Final}
""2022-07-07 10:58:08 [restartedMain] INFO  org.hibernate.dialect.Dialect - HHH000400: Using dialect: org.hibernate.dialect.H2Dialect
""2022-07-07 10:58:09 [restartedMain] INFO  o.h.e.t.j.p.i.JtaPlatformInitiator - HHH000490: Using JtaPlatform implementation: [org.hibernate.engine.transaction.jta.platform.internal.NoJtaPlatform]
""2022-07-07 10:58:09 [restartedMain] INFO  o.s.o.j.LocalContainerEntityManagerFactoryBean - Initialized JPA EntityManagerFactory for persistence unit 'default'
""2022-07-07 10:58:09 [restartedMain] WARN  o.s.b.a.o.j.JpaBaseConfiguration$JpaWebConfiguration - spring.jpa.open-in-view is enabled by default. Therefore, database queries may be performed during view rendering. Explicitly configure spring.jpa.open-in-view to disable this warning
""2022-07-07 10:58:09 [restartedMain] WARN  o.s.b.d.a.OptionalLiveReloadServer - Unable to start LiveReload server
""2022-07-07 10:58:10 [restartedMain] INFO  o.s.b.w.e.tomcat.TomcatWebServer - Tomcat started on port(s): 8084 (http) with context path ''
""2022-07-07 10:58:11 [restartedMain] INFO  c.c.c.CalculateNetworthApplication - Started CalculateNetworthApplication in 5.448 seconds (JVM running for 6.008)
""2022-07-07 11:39:20 [http-nio-8084-exec-1] INFO  o.a.c.c.C.[Tomcat].[localhost].[/] - Initializing Spring DispatcherServlet 'dispatcherServlet'
""2022-07-07 11:39:20 [http-nio-8084-exec-1] INFO  o.s.web.servlet.DispatcherServlet - Initializing Servlet 'dispatcherServlet'
""2022-07-07 11:39:20 [http-nio-8084-exec-1] INFO  o.s.web.servlet.DispatcherServlet - Completed initialization in 45 ms
""2022-07-07 11:39:20 [http-nio-8084-exec-2] ERROR o.a.c.c.C.[.[.[.[dispatcherServlet] - Servlet.service() for servlet [dispatcherServlet] in context with path [] threw exception [Request processing failed; nested exception is feign.FeignException$InternalServerError: [500] during [GET] to [http://localhost:8081/getid] [AuthorizationClient#getUserId(String)]: [{"timestamp":"2022-07-07T06:09:20.861+00:00","status":500,"error":"Internal Server Error","trace":"io.jsonwebtoken.ExpiredJwtException: JWT expired at 2022-07-07T11:16:32Z. Current time: 2022-07-07T11... (10621 bytes)]] with root cause
"feign.FeignException$InternalServerError: [500] during [GET] to [http://localhost:8081/getid] [AuthorizationClient#getUserId(String)]: [{"timestamp":"2022-07-07T06:09:20.861+00:00","status":500,"error":"Internal Server Error","trace":"io.jsonwebtoken.ExpiredJwtException: JWT expired at 2022-07-07T11:16:32Z. Current time: 2022-07-07T11... (10621 bytes)]
	at feign.FeignException.serverErrorStatus(FeignException.java:250)
	at feign.FeignException.errorStatus(FeignException.java:197)
	at feign.FeignException.errorStatus(FeignException.java:185)
	at feign.codec.ErrorDecoder$Default.decode(ErrorDecoder.java:92)
	at feign.AsyncResponseHandler.handleResponse(AsyncResponseHandler.java:96)
	at feign.SynchronousMethodHandler.executeAndDecode(SynchronousMethodHandler.java:138)
	at feign.SynchronousMethodHandler.invoke(SynchronousMethodHandler.java:89)
	at feign.ReflectiveFeign$FeignInvocationHandler.invoke(ReflectiveFeign.java:100)
	at jdk.proxy4/jdk.proxy4.$Proxy133.getUserId(Unknown Source)
	at com.cts.calculatenetworth.controller.NetworthController.getAssetById(NetworthController.java:51)
	at java.base/jdk.internal.reflect.NativeMethodAccessorImpl.invoke0(Native Method)
	at java.base/jdk.internal.reflect.NativeMethodAccessorImpl.invoke(NativeMethodAccessorImpl.java:78)
	at java.base/jdk.internal.reflect.DelegatingMethodAccessorImpl.invoke(DelegatingMethodAccessorImpl.java:43)
	at java.base/java.lang.reflect.Method.invoke(Method.java:567)
	at org.springframework.web.method.support.InvocableHandlerMethod.doInvoke(InvocableHandlerMethod.java:205)
	at org.springframework.web.method.support.InvocableHandlerMethod.invokeForRequest(InvocableHandlerMethod.java:150)
	at org.springframework.web.servlet.mvc.method.annotation.ServletInvocableHandlerMethod.invokeAndHandle(ServletInvocableHandlerMethod.java:117)
	at org.springframework.web.servlet.mvc.method.annotation.RequestMappingHandlerAdapter.invokeHandlerMethod(RequestMappingHandlerAdapter.java:895)
	at org.springframework.web.servlet.mvc.method.annotation.RequestMappingHandlerAdapter.handleInternal(RequestMappingHandlerAdapter.java:808)
	at org.springframework.web.servlet.mvc.method.AbstractHandlerMethodAdapter.handle(AbstractHandlerMethodAdapter.java:87)
	at org.springframework.web.servlet.DispatcherServlet.doDispatch(DispatcherServlet.java:1067)
	at org.springframework.web.servlet.DispatcherServlet.doService(DispatcherServlet.java:963)
	at org.springframework.web.servlet.FrameworkServlet.processRequest(FrameworkServlet.java:1006)
	at org.springframework.web.servlet.FrameworkServlet.doGet(FrameworkServlet.java:898)
	at javax.servlet.http.HttpServlet.service(HttpServlet.java:655)
	at org.springframework.web.servlet.FrameworkServlet.service(FrameworkServlet.java:883)
	at javax.servlet.http.HttpServlet.service(HttpServlet.java:764)
	at org.apache.catalina.core.ApplicationFilterChain.internalDoFilter(ApplicationFilterChain.java:227)
	at org.apache.catalina.core.ApplicationFilterChain.doFilter(ApplicationFilterChain.java:162)
	at org.apache.tomcat.websocket.server.WsFilter.doFilter(WsFilter.java:53)
	at org.apache.catalina.core.ApplicationFilterChain.internalDoFilter(ApplicationFilterChain.java:189)
	at org.apache.catalina.core.ApplicationFilterChain.doFilter(ApplicationFilterChain.java:162)
	at org.springframework.web.filter.RequestContextFilter.doFilterInternal(RequestContextFilter.java:100)
	at org.springframework.web.filter.OncePerRequestFilter.doFilter(OncePerRequestFilter.java:117)
	at org.apache.catalina.core.ApplicationFilterChain.internalDoFilter(ApplicationFilterChain.java:189)
	at org.apache.catalina.core.ApplicationFilterChain.doFilter(ApplicationFilterChain.java:162)
	at org.springframework.web.filter.FormContentFilter.doFilterInternal(FormContentFilter.java:93)
	at org.springframework.web.filter.OncePerRequestFilter.doFilter(OncePerRequestFilter.java:117)
	at org.apache.catalina.core.ApplicationFilterChain.internalDoFilter(ApplicationFilterChain.java:189)
	at org.apache.catalina.core.ApplicationFilterChain.doFilter(ApplicationFilterChain.java:162)
	at org.springframework.web.filter.CharacterEncodingFilter.doFilterInternal(CharacterEncodingFilter.java:201)
	at org.springframework.web.filter.OncePerRequestFilter.doFilter(OncePerRequestFilter.java:117)
	at org.apache.catalina.core.ApplicationFilterChain.internalDoFilter(ApplicationFilterChain.java:189)
	at org.apache.catalina.core.ApplicationFilterChain.doFilter(ApplicationFilterChain.java:162)
	at org.apache.catalina.core.StandardWrapperValve.invoke(StandardWrapperValve.java:197)
	at org.apache.catalina.core.StandardContextValve.invoke(StandardContextValve.java:97)
	at org.apache.catalina.authenticator.AuthenticatorBase.invoke(AuthenticatorBase.java:540)
	at org.apache.catalina.core.StandardHostValve.invoke(StandardHostValve.java:135)
	at org.apache.catalina.valves.ErrorReportValve.invoke(ErrorReportValve.java:92)
	at org.apache.catalina.core.StandardEngineValve.invoke(StandardEngineValve.java:78)
	at org.apache.catalina.connector.CoyoteAdapter.service(CoyoteAdapter.java:359)
	at org.apache.coyote.http11.Http11Processor.service(Http11Processor.java:399)
	at org.apache.coyote.AbstractProcessorLight.process(AbstractProcessorLight.java:65)
	at org.apache.coyote.AbstractProtocol$ConnectionHandler.process(AbstractProtocol.java:889)
	at org.apache.tomcat.util.net.NioEndpoint$SocketProcessor.doRun(NioEndpoint.java:1735)
	at org.apache.tomcat.util.net.SocketProcessorBase.run(SocketProcessorBase.java:49)
	at org.apache.tomcat.util.threads.ThreadPoolExecutor.runWorker(ThreadPoolExecutor.java:1191)
	at org.apache.tomcat.util.threads.ThreadPoolExecutor$Worker.run(ThreadPoolExecutor.java:659)
	at org.apache.tomcat.util.threads.TaskThread$WrappingRunnable.run(TaskThread.java:61)
	at java.base/java.lang.Thread.run(Thread.java:831)
"2022-07-07 11:39:25 [http-nio-8084-exec-5] ERROR o.a.c.c.C.[.[.[.[dispatcherServlet] - Servlet.service() for servlet [dispatcherServlet] in context with path [] threw exception [Request processing failed; nested exception is feign.FeignException$InternalServerError: [500] during [GET] to [http://localhost:8081/getid] [AuthorizationClient#getUserId(String)]: [{"timestamp":"2022-07-07T06:09:25.211+00:00","status":500,"error":"Internal Server Error","trace":"io.jsonwebtoken.ExpiredJwtException: JWT expired at 2022-07-07T11:16:32Z. Current time: 2022-07-07T11... (10621 bytes)]] with root cause
"feign.FeignException$InternalServerError: [500] during [GET] to [http://localhost:8081/getid] [AuthorizationClient#getUserId(String)]: [{"timestamp":"2022-07-07T06:09:25.211+00:00","status":500,"error":"Internal Server Error","trace":"io.jsonwebtoken.ExpiredJwtException: JWT expired at 2022-07-07T11:16:32Z. Current time: 2022-07-07T11... (10621 bytes)]
	at feign.FeignException.serverErrorStatus(FeignException.java:250)
	at feign.FeignException.errorStatus(FeignException.java:197)
	at feign.FeignException.errorStatus(FeignException.java:185)
	at feign.codec.ErrorDecoder$Default.decode(ErrorDecoder.java:92)
	at feign.AsyncResponseHandler.handleResponse(AsyncResponseHandler.java:96)
	at feign.SynchronousMethodHandler.executeAndDecode(SynchronousMethodHandler.java:138)
	at feign.SynchronousMethodHandler.invoke(SynchronousMethodHandler.java:89)
	at feign.ReflectiveFeign$FeignInvocationHandler.invoke(ReflectiveFeign.java:100)
	at jdk.proxy4/jdk.proxy4.$Proxy133.getUserId(Unknown Source)
	at com.cts.calculatenetworth.controller.NetworthController.calculateNetworth(NetworthController.java:58)
	at java.base/jdk.internal.reflect.NativeMethodAccessorImpl.invoke0(Native Method)
	at java.base/jdk.internal.reflect.NativeMethodAccessorImpl.invoke(NativeMethodAccessorImpl.java:78)
	at java.base/jdk.internal.reflect.DelegatingMethodAccessorImpl.invoke(DelegatingMethodAccessorImpl.java:43)
	at java.base/java.lang.reflect.Method.invoke(Method.java:567)
	at org.springframework.web.method.support.InvocableHandlerMethod.doInvoke(InvocableHandlerMethod.java:205)
	at org.springframework.web.method.support.InvocableHandlerMethod.invokeForRequest(InvocableHandlerMethod.java:150)
	at org.springframework.web.servlet.mvc.method.annotation.ServletInvocableHandlerMethod.invokeAndHandle(ServletInvocableHandlerMethod.java:117)
	at org.springframework.web.servlet.mvc.method.annotation.RequestMappingHandlerAdapter.invokeHandlerMethod(RequestMappingHandlerAdapter.java:895)
	at org.springframework.web.servlet.mvc.method.annotation.RequestMappingHandlerAdapter.handleInternal(RequestMappingHandlerAdapter.java:808)
	at org.springframework.web.servlet.mvc.method.AbstractHandlerMethodAdapter.handle(AbstractHandlerMethodAdapter.java:87)
	at org.springframework.web.servlet.DispatcherServlet.doDispatch(DispatcherServlet.java:1067)
	at org.springframework.web.servlet.DispatcherServlet.doService(DispatcherServlet.java:963)
	at org.springframework.web.servlet.FrameworkServlet.processRequest(FrameworkServlet.java:1006)
	at org.springframework.web.servlet.FrameworkServlet.doGet(FrameworkServlet.java:898)
	at javax.servlet.http.HttpServlet.service(HttpServlet.java:655)
	at org.springframework.web.servlet.FrameworkServlet.service(FrameworkServlet.java:883)
	at javax.servlet.http.HttpServlet.service(HttpServlet.java:764)
	at org.apache.catalina.core.ApplicationFilterChain.internalDoFilter(ApplicationFilterChain.java:227)
	at org.apache.catalina.core.ApplicationFilterChain.doFilter(ApplicationFilterChain.java:162)
	at org.apache.tomcat.websocket.server.WsFilter.doFilter(WsFilter.java:53)
	at org.apache.catalina.core.ApplicationFilterChain.internalDoFilter(ApplicationFilterChain.java:189)
	at org.apache.catalina.core.ApplicationFilterChain.doFilter(ApplicationFilterChain.java:162)
	at org.springframework.web.filter.RequestContextFilter.doFilterInternal(RequestContextFilter.java:100)
	at org.springframework.web.filter.OncePerRequestFilter.doFilter(OncePerRequestFilter.java:117)
	at org.apache.catalina.core.ApplicationFilterChain.internalDoFilter(ApplicationFilterChain.java:189)
	at org.apache.catalina.core.ApplicationFilterChain.doFilter(ApplicationFilterChain.java:162)
	at org.springframework.web.filter.FormContentFilter.doFilterInternal(FormContentFilter.java:93)
	at org.springframework.web.filter.OncePerRequestFilter.doFilter(OncePerRequestFilter.java:117)
	at org.apache.catalina.core.ApplicationFilterChain.internalDoFilter(ApplicationFilterChain.java:189)
	at org.apache.catalina.core.ApplicationFilterChain.doFilter(ApplicationFilterChain.java:162)
	at org.springframework.web.filter.CharacterEncodingFilter.doFilterInternal(CharacterEncodingFilter.java:201)
	at org.springframework.web.filter.OncePerRequestFilter.doFilter(OncePerRequestFilter.java:117)
	at org.apache.catalina.core.ApplicationFilterChain.internalDoFilter(ApplicationFilterChain.java:189)
	at org.apache.catalina.core.ApplicationFilterChain.doFilter(ApplicationFilterChain.java:162)
	at org.apache.catalina.core.StandardWrapperValve.invoke(StandardWrapperValve.java:197)
	at org.apache.catalina.core.StandardContextValve.invoke(StandardContextValve.java:97)
	at org.apache.catalina.authenticator.AuthenticatorBase.invoke(AuthenticatorBase.java:540)
	at org.apache.catalina.core.StandardHostValve.invoke(StandardHostValve.java:135)
	at org.apache.catalina.valves.ErrorReportValve.invoke(ErrorReportValve.java:92)
	at org.apache.catalina.core.StandardEngineValve.invoke(StandardEngineValve.java:78)
	at org.apache.catalina.connector.CoyoteAdapter.service(CoyoteAdapter.java:359)
	at org.apache.coyote.http11.Http11Processor.service(Http11Processor.java:399)
	at org.apache.coyote.AbstractProcessorLight.process(AbstractProcessorLight.java:65)
	at org.apache.coyote.AbstractProtocol$ConnectionHandler.process(AbstractProtocol.java:889)
	at org.apache.tomcat.util.net.NioEndpoint$SocketProcessor.doRun(NioEndpoint.java:1735)
	at org.apache.tomcat.util.net.SocketProcessorBase.run(SocketProcessorBase.java:49)
	at org.apache.tomcat.util.threads.ThreadPoolExecutor.runWorker(ThreadPoolExecutor.java:1191)
	at org.apache.tomcat.util.threads.ThreadPoolExecutor$Worker.run(ThreadPoolExecutor.java:659)
	at org.apache.tomcat.util.threads.TaskThread$WrappingRunnable.run(TaskThread.java:61)
	at java.base/java.lang.Thread.run(Thread.java:831)
"2022-07-07 11:39:25 [http-nio-8084-exec-4] ERROR o.a.c.c.C.[.[.[.[dispatcherServlet] - Servlet.service() for servlet [dispatcherServlet] in context with path [] threw exception [Request processing failed; nested exception is feign.FeignException$InternalServerError: [500] during [GET] to [http://localhost:8081/getid] [AuthorizationClient#getUserId(String)]: [{"timestamp":"2022-07-07T06:09:25.211+00:00","status":500,"error":"Internal Server Error","trace":"io.jsonwebtoken.ExpiredJwtException: JWT expired at 2022-07-07T11:16:32Z. Current time: 2022-07-07T11... (10621 bytes)]] with root cause
"feign.FeignException$InternalServerError: [500] during [GET] to [http://localhost:8081/getid] [AuthorizationClient#getUserId(String)]: [{"timestamp":"2022-07-07T06:09:25.211+00:00","status":500,"error":"Internal Server Error","trace":"io.jsonwebtoken.ExpiredJwtException: JWT expired at 2022-07-07T11:16:32Z. Current time: 2022-07-07T11... (10621 bytes)]
	at feign.FeignException.serverErrorStatus(FeignException.java:250)
	at feign.FeignException.errorStatus(FeignException.java:197)
	at feign.FeignException.errorStatus(FeignException.java:185)
	at feign.codec.ErrorDecoder$Default.decode(ErrorDecoder.java:92)
	at feign.AsyncResponseHandler.handleResponse(AsyncResponseHandler.java:96)
	at feign.SynchronousMethodHandler.executeAndDecode(SynchronousMethodHandler.java:138)
	at feign.SynchronousMethodHandler.invoke(SynchronousMethodHandler.java:89)
	at feign.ReflectiveFeign$FeignInvocationHandler.invoke(ReflectiveFeign.java:100)
	at jdk.proxy4/jdk.proxy4.$Proxy133.getUserId(Unknown Source)
	at com.cts.calculatenetworth.controller.NetworthController.getAssetById(NetworthController.java:51)
	at java.base/jdk.internal.reflect.NativeMethodAccessorImpl.invoke0(Native Method)
	at java.base/jdk.internal.reflect.NativeMethodAccessorImpl.invoke(NativeMethodAccessorImpl.java:78)
	at java.base/jdk.internal.reflect.DelegatingMethodAccessorImpl.invoke(DelegatingMethodAccessorImpl.java:43)
	at java.base/java.lang.reflect.Method.invoke(Method.java:567)
	at org.springframework.web.method.support.InvocableHandlerMethod.doInvoke(InvocableHandlerMethod.java:205)
	at org.springframework.web.method.support.InvocableHandlerMethod.invokeForRequest(InvocableHandlerMethod.java:150)
	at org.springframework.web.servlet.mvc.method.annotation.ServletInvocableHandlerMethod.invokeAndHandle(ServletInvocableHandlerMethod.java:117)
	at org.springframework.web.servlet.mvc.method.annotation.RequestMappingHandlerAdapter.invokeHandlerMethod(RequestMappingHandlerAdapter.java:895)
	at org.springframework.web.servlet.mvc.method.annotation.RequestMappingHandlerAdapter.handleInternal(RequestMappingHandlerAdapter.java:808)
	at org.springframework.web.servlet.mvc.method.AbstractHandlerMethodAdapter.handle(AbstractHandlerMethodAdapter.java:87)
	at org.springframework.web.servlet.DispatcherServlet.doDispatch(DispatcherServlet.java:1067)
	at org.springframework.web.servlet.DispatcherServlet.doService(DispatcherServlet.java:963)
	at org.springframework.web.servlet.FrameworkServlet.processRequest(FrameworkServlet.java:1006)
	at org.springframework.web.servlet.FrameworkServlet.doGet(FrameworkServlet.java:898)
	at javax.servlet.http.HttpServlet.service(HttpServlet.java:655)
	at org.springframework.web.servlet.FrameworkServlet.service(FrameworkServlet.java:883)
	at javax.servlet.http.HttpServlet.service(HttpServlet.java:764)
	at org.apache.catalina.core.ApplicationFilterChain.internalDoFilter(ApplicationFilterChain.java:227)
	at org.apache.catalina.core.ApplicationFilterChain.doFilter(ApplicationFilterChain.java:162)
	at org.apache.tomcat.websocket.server.WsFilter.doFilter(WsFilter.java:53)
	at org.apache.catalina.core.ApplicationFilterChain.internalDoFilter(ApplicationFilterChain.java:189)
	at org.apache.catalina.core.ApplicationFilterChain.doFilter(ApplicationFilterChain.java:162)
	at org.springframework.web.filter.RequestContextFilter.doFilterInternal(RequestContextFilter.java:100)
	at org.springframework.web.filter.OncePerRequestFilter.doFilter(OncePerRequestFilter.java:117)
	at org.apache.catalina.core.ApplicationFilterChain.internalDoFilter(ApplicationFilterChain.java:189)
	at org.apache.catalina.core.ApplicationFilterChain.doFilter(ApplicationFilterChain.java:162)
	at org.springframework.web.filter.FormContentFilter.doFilterInternal(FormContentFilter.java:93)
	at org.springframework.web.filter.OncePerRequestFilter.doFilter(OncePerRequestFilter.java:117)
	at org.apache.catalina.core.ApplicationFilterChain.internalDoFilter(ApplicationFilterChain.java:189)
	at org.apache.catalina.core.ApplicationFilterChain.doFilter(ApplicationFilterChain.java:162)
	at org.springframework.web.filter.CharacterEncodingFilter.doFilterInternal(CharacterEncodingFilter.java:201)
	at org.springframework.web.filter.OncePerRequestFilter.doFilter(OncePerRequestFilter.java:117)
	at org.apache.catalina.core.ApplicationFilterChain.internalDoFilter(ApplicationFilterChain.java:189)
	at org.apache.catalina.core.ApplicationFilterChain.doFilter(ApplicationFilterChain.java:162)
	at org.apache.catalina.core.StandardWrapperValve.invoke(StandardWrapperValve.java:197)
	at org.apache.catalina.core.StandardContextValve.invoke(StandardContextValve.java:97)
	at org.apache.catalina.authenticator.AuthenticatorBase.invoke(AuthenticatorBase.java:540)
	at org.apache.catalina.core.StandardHostValve.invoke(StandardHostValve.java:135)
	at org.apache.catalina.valves.ErrorReportValve.invoke(ErrorReportValve.java:92)
	at org.apache.catalina.core.StandardEngineValve.invoke(StandardEngineValve.java:78)
	at org.apache.catalina.connector.CoyoteAdapter.service(CoyoteAdapter.java:359)
	at org.apache.coyote.http11.Http11Processor.service(Http11Processor.java:399)
	at org.apache.coyote.AbstractProcessorLight.process(AbstractProcessorLight.java:65)
	at org.apache.coyote.AbstractProtocol$ConnectionHandler.process(AbstractProtocol.java:889)
	at org.apache.tomcat.util.net.NioEndpoint$SocketProcessor.doRun(NioEndpoint.java:1735)
	at org.apache.tomcat.util.net.SocketProcessorBase.run(SocketProcessorBase.java:49)
	at org.apache.tomcat.util.threads.ThreadPoolExecutor.runWorker(ThreadPoolExecutor.java:1191)
	at org.apache.tomcat.util.threads.ThreadPoolExecutor$Worker.run(ThreadPoolExecutor.java:659)
	at org.apache.tomcat.util.threads.TaskThread$WrappingRunnable.run(TaskThread.java:61)
	at java.base/java.lang.Thread.run(Thread.java:831)
"2022-07-07 11:39:33 [http-nio-8084-exec-7] ERROR o.a.c.c.C.[.[.[.[dispatcherServlet] - Servlet.service() for servlet [dispatcherServlet] in context with path [] threw exception [Request processing failed; nested exception is feign.FeignException$InternalServerError: [500] during [GET] to [http://localhost:8081/getid] [AuthorizationClient#getUserId(String)]: [{"timestamp":"2022-07-07T06:09:33.701+00:00","status":500,"error":"Internal Server Error","trace":"io.jsonwebtoken.ExpiredJwtException: JWT expired at 2022-07-07T11:16:32Z. Current time: 2022-07-07T11... (10621 bytes)]] with root cause
"feign.FeignException$InternalServerError: [500] during [GET] to [http://localhost:8081/getid] [AuthorizationClient#getUserId(String)]: [{"timestamp":"2022-07-07T06:09:33.701+00:00","status":500,"error":"Internal Server Error","trace":"io.jsonwebtoken.ExpiredJwtException: JWT expired at 2022-07-07T11:16:32Z. Current time: 2022-07-07T11... (10621 bytes)]
	at feign.FeignException.serverErrorStatus(FeignException.java:250)
	at feign.FeignException.errorStatus(FeignException.java:197)
	at feign.FeignException.errorStatus(FeignException.java:185)
	at feign.codec.ErrorDecoder$Default.decode(ErrorDecoder.java:92)
	at feign.AsyncResponseHandler.handleResponse(AsyncResponseHandler.java:96)
	at feign.SynchronousMethodHandler.executeAndDecode(SynchronousMethodHandler.java:138)
	at feign.SynchronousMethodHandler.invoke(SynchronousMethodHandler.java:89)
	at feign.ReflectiveFeign$FeignInvocationHandler.invoke(ReflectiveFeign.java:100)
	at jdk.proxy4/jdk.proxy4.$Proxy133.getUserId(Unknown Source)
	at com.cts.calculatenetworth.controller.NetworthController.getAssetById(NetworthController.java:51)
	at java.base/jdk.internal.reflect.NativeMethodAccessorImpl.invoke0(Native Method)
	at java.base/jdk.internal.reflect.NativeMethodAccessorImpl.invoke(NativeMethodAccessorImpl.java:78)
	at java.base/jdk.internal.reflect.DelegatingMethodAccessorImpl.invoke(DelegatingMethodAccessorImpl.java:43)
	at java.base/java.lang.reflect.Method.invoke(Method.java:567)
	at org.springframework.web.method.support.InvocableHandlerMethod.doInvoke(InvocableHandlerMethod.java:205)
	at org.springframework.web.method.support.InvocableHandlerMethod.invokeForRequest(InvocableHandlerMethod.java:150)
	at org.springframework.web.servlet.mvc.method.annotation.ServletInvocableHandlerMethod.invokeAndHandle(ServletInvocableHandlerMethod.java:117)
	at org.springframework.web.servlet.mvc.method.annotation.RequestMappingHandlerAdapter.invokeHandlerMethod(RequestMappingHandlerAdapter.java:895)
	at org.springframework.web.servlet.mvc.method.annotation.RequestMappingHandlerAdapter.handleInternal(RequestMappingHandlerAdapter.java:808)
	at org.springframework.web.servlet.mvc.method.AbstractHandlerMethodAdapter.handle(AbstractHandlerMethodAdapter.java:87)
	at org.springframework.web.servlet.DispatcherServlet.doDispatch(DispatcherServlet.java:1067)
	at org.springframework.web.servlet.DispatcherServlet.doService(DispatcherServlet.java:963)
	at org.springframework.web.servlet.FrameworkServlet.processRequest(FrameworkServlet.java:1006)
	at org.springframework.web.servlet.FrameworkServlet.doGet(FrameworkServlet.java:898)
	at javax.servlet.http.HttpServlet.service(HttpServlet.java:655)
	at org.springframework.web.servlet.FrameworkServlet.service(FrameworkServlet.java:883)
	at javax.servlet.http.HttpServlet.service(HttpServlet.java:764)
	at org.apache.catalina.core.ApplicationFilterChain.internalDoFilter(ApplicationFilterChain.java:227)
	at org.apache.catalina.core.ApplicationFilterChain.doFilter(ApplicationFilterChain.java:162)
	at org.apache.tomcat.websocket.server.WsFilter.doFilter(WsFilter.java:53)
	at org.apache.catalina.core.ApplicationFilterChain.internalDoFilter(ApplicationFilterChain.java:189)
	at org.apache.catalina.core.ApplicationFilterChain.doFilter(ApplicationFilterChain.java:162)
	at org.springframework.web.filter.RequestContextFilter.doFilterInternal(RequestContextFilter.java:100)
	at org.springframework.web.filter.OncePerRequestFilter.doFilter(OncePerRequestFilter.java:117)
	at org.apache.catalina.core.ApplicationFilterChain.internalDoFilter(ApplicationFilterChain.java:189)
	at org.apache.catalina.core.ApplicationFilterChain.doFilter(ApplicationFilterChain.java:162)
	at org.springframework.web.filter.FormContentFilter.doFilterInternal(FormContentFilter.java:93)
	at org.springframework.web.filter.OncePerRequestFilter.doFilter(OncePerRequestFilter.java:117)
	at org.apache.catalina.core.ApplicationFilterChain.internalDoFilter(ApplicationFilterChain.java:189)
	at org.apache.catalina.core.ApplicationFilterChain.doFilter(ApplicationFilterChain.java:162)
	at org.springframework.web.filter.CharacterEncodingFilter.doFilterInternal(CharacterEncodingFilter.java:201)
	at org.springframework.web.filter.OncePerRequestFilter.doFilter(OncePerRequestFilter.java:117)
	at org.apache.catalina.core.ApplicationFilterChain.internalDoFilter(ApplicationFilterChain.java:189)
	at org.apache.catalina.core.ApplicationFilterChain.doFilter(ApplicationFilterChain.java:162)
	at org.apache.catalina.core.StandardWrapperValve.invoke(StandardWrapperValve.java:197)
	at org.apache.catalina.core.StandardContextValve.invoke(StandardContextValve.java:97)
	at org.apache.catalina.authenticator.AuthenticatorBase.invoke(AuthenticatorBase.java:540)
	at org.apache.catalina.core.StandardHostValve.invoke(StandardHostValve.java:135)
	at org.apache.catalina.valves.ErrorReportValve.invoke(ErrorReportValve.java:92)
	at org.apache.catalina.core.StandardEngineValve.invoke(StandardEngineValve.java:78)
	at org.apache.catalina.connector.CoyoteAdapter.service(CoyoteAdapter.java:359)
	at org.apache.coyote.http11.Http11Processor.service(Http11Processor.java:399)
	at org.apache.coyote.AbstractProcessorLight.process(AbstractProcessorLight.java:65)
	at org.apache.coyote.AbstractProtocol$ConnectionHandler.process(AbstractProtocol.java:889)
	at org.apache.tomcat.util.net.NioEndpoint$SocketProcessor.doRun(NioEndpoint.java:1735)
	at org.apache.tomcat.util.net.SocketProcessorBase.run(SocketProcessorBase.java:49)
	at org.apache.tomcat.util.threads.ThreadPoolExecutor.runWorker(ThreadPoolExecutor.java:1191)
	at org.apache.tomcat.util.threads.ThreadPoolExecutor$Worker.run(ThreadPoolExecutor.java:659)
	at org.apache.tomcat.util.threads.TaskThread$WrappingRunnable.run(TaskThread.java:61)
	at java.base/java.lang.Thread.run(Thread.java:831)
"2022-07-07 11:39:33 [http-nio-8084-exec-6] ERROR o.a.c.c.C.[.[.[.[dispatcherServlet] - Servlet.service() for servlet [dispatcherServlet] in context with path [] threw exception [Request processing failed; nested exception is feign.FeignException$InternalServerError: [500] during [GET] to [http://localhost:8081/getid] [AuthorizationClient#getUserId(String)]: [{"timestamp":"2022-07-07T06:09:33.705+00:00","status":500,"error":"Internal Server Error","trace":"io.jsonwebtoken.ExpiredJwtException: JWT expired at 2022-07-07T11:16:32Z. Current time: 2022-07-07T11... (10621 bytes)]] with root cause
"feign.FeignException$InternalServerError: [500] during [GET] to [http://localhost:8081/getid] [AuthorizationClient#getUserId(String)]: [{"timestamp":"2022-07-07T06:09:33.705+00:00","status":500,"error":"Internal Server Error","trace":"io.jsonwebtoken.ExpiredJwtException: JWT expired at 2022-07-07T11:16:32Z. Current time: 2022-07-07T11... (10621 bytes)]
	at feign.FeignException.serverErrorStatus(FeignException.java:250)
	at feign.FeignException.errorStatus(FeignException.java:197)
	at feign.FeignException.errorStatus(FeignException.java:185)
	at feign.codec.ErrorDecoder$Default.decode(ErrorDecoder.java:92)
	at feign.AsyncResponseHandler.handleResponse(AsyncResponseHandler.java:96)
	at feign.SynchronousMethodHandler.executeAndDecode(SynchronousMethodHandler.java:138)
	at feign.SynchronousMethodHandler.invoke(SynchronousMethodHandler.java:89)
	at feign.ReflectiveFeign$FeignInvocationHandler.invoke(ReflectiveFeign.java:100)
	at jdk.proxy4/jdk.proxy4.$Proxy133.getUserId(Unknown Source)
	at com.cts.calculatenetworth.controller.NetworthController.calculateNetworth(NetworthController.java:58)
	at java.base/jdk.internal.reflect.NativeMethodAccessorImpl.invoke0(Native Method)
	at java.base/jdk.internal.reflect.NativeMethodAccessorImpl.invoke(NativeMethodAccessorImpl.java:78)
	at java.base/jdk.internal.reflect.DelegatingMethodAccessorImpl.invoke(DelegatingMethodAccessorImpl.java:43)
	at java.base/java.lang.reflect.Method.invoke(Method.java:567)
	at org.springframework.web.method.support.InvocableHandlerMethod.doInvoke(InvocableHandlerMethod.java:205)
	at org.springframework.web.method.support.InvocableHandlerMethod.invokeForRequest(InvocableHandlerMethod.java:150)
	at org.springframework.web.servlet.mvc.method.annotation.ServletInvocableHandlerMethod.invokeAndHandle(ServletInvocableHandlerMethod.java:117)
	at org.springframework.web.servlet.mvc.method.annotation.RequestMappingHandlerAdapter.invokeHandlerMethod(RequestMappingHandlerAdapter.java:895)
	at org.springframework.web.servlet.mvc.method.annotation.RequestMappingHandlerAdapter.handleInternal(RequestMappingHandlerAdapter.java:808)
	at org.springframework.web.servlet.mvc.method.AbstractHandlerMethodAdapter.handle(AbstractHandlerMethodAdapter.java:87)
	at org.springframework.web.servlet.DispatcherServlet.doDispatch(DispatcherServlet.java:1067)
	at org.springframework.web.servlet.DispatcherServlet.doService(DispatcherServlet.java:963)
	at org.springframework.web.servlet.FrameworkServlet.processRequest(FrameworkServlet.java:1006)
	at org.springframework.web.servlet.FrameworkServlet.doGet(FrameworkServlet.java:898)
	at javax.servlet.http.HttpServlet.service(HttpServlet.java:655)
	at org.springframework.web.servlet.FrameworkServlet.service(FrameworkServlet.java:883)
	at javax.servlet.http.HttpServlet.service(HttpServlet.java:764)
	at org.apache.catalina.core.ApplicationFilterChain.internalDoFilter(ApplicationFilterChain.java:227)
	at org.apache.catalina.core.ApplicationFilterChain.doFilter(ApplicationFilterChain.java:162)
	at org.apache.tomcat.websocket.server.WsFilter.doFilter(WsFilter.java:53)
	at org.apache.catalina.core.ApplicationFilterChain.internalDoFilter(ApplicationFilterChain.java:189)
	at org.apache.catalina.core.ApplicationFilterChain.doFilter(ApplicationFilterChain.java:162)
	at org.springframework.web.filter.RequestContextFilter.doFilterInternal(RequestContextFilter.java:100)
	at org.springframework.web.filter.OncePerRequestFilter.doFilter(OncePerRequestFilter.java:117)
	at org.apache.catalina.core.ApplicationFilterChain.internalDoFilter(ApplicationFilterChain.java:189)
	at org.apache.catalina.core.ApplicationFilterChain.doFilter(ApplicationFilterChain.java:162)
	at org.springframework.web.filter.FormContentFilter.doFilterInternal(FormContentFilter.java:93)
	at org.springframework.web.filter.OncePerRequestFilter.doFilter(OncePerRequestFilter.java:117)
	at org.apache.catalina.core.ApplicationFilterChain.internalDoFilter(ApplicationFilterChain.java:189)
	at org.apache.catalina.core.ApplicationFilterChain.doFilter(ApplicationFilterChain.java:162)
	at org.springframework.web.filter.CharacterEncodingFilter.doFilterInternal(CharacterEncodingFilter.java:201)
	at org.springframework.web.filter.OncePerRequestFilter.doFilter(OncePerRequestFilter.java:117)
	at org.apache.catalina.core.ApplicationFilterChain.internalDoFilter(ApplicationFilterChain.java:189)
	at org.apache.catalina.core.ApplicationFilterChain.doFilter(ApplicationFilterChain.java:162)
	at org.apache.catalina.core.StandardWrapperValve.invoke(StandardWrapperValve.java:197)
	at org.apache.catalina.core.StandardContextValve.invoke(StandardContextValve.java:97)
	at org.apache.catalina.authenticator.AuthenticatorBase.invoke(AuthenticatorBase.java:540)
	at org.apache.catalina.core.StandardHostValve.invoke(StandardHostValve.java:135)
	at org.apache.catalina.valves.ErrorReportValve.invoke(ErrorReportValve.java:92)
	at org.apache.catalina.core.StandardEngineValve.invoke(StandardEngineValve.java:78)
	at org.apache.catalina.connector.CoyoteAdapter.service(CoyoteAdapter.java:359)
	at org.apache.coyote.http11.Http11Processor.service(Http11Processor.java:399)
	at org.apache.coyote.AbstractProcessorLight.process(AbstractProcessorLight.java:65)
	at org.apache.coyote.AbstractProtocol$ConnectionHandler.process(AbstractProtocol.java:889)
	at org.apache.tomcat.util.net.NioEndpoint$SocketProcessor.doRun(NioEndpoint.java:1735)
	at org.apache.tomcat.util.net.SocketProcessorBase.run(SocketProcessorBase.java:49)
	at org.apache.tomcat.util.threads.ThreadPoolExecutor.runWorker(ThreadPoolExecutor.java:1191)
	at org.apache.tomcat.util.threads.ThreadPoolExecutor$Worker.run(ThreadPoolExecutor.java:659)
	at org.apache.tomcat.util.threads.TaskThread$WrappingRunnable.run(TaskThread.java:61)
	at java.base/java.lang.Thread.run(Thread.java:831)
"2022-07-07 11:39:35 [http-nio-8084-exec-8] ERROR o.a.c.c.C.[.[.[.[dispatcherServlet] - Servlet.service() for servlet [dispatcherServlet] in context with path [] threw exception [Request processing failed; nested exception is feign.FeignException$InternalServerError: [500] during [GET] to [http://localhost:8081/getid] [AuthorizationClient#getUserId(String)]: [{"timestamp":"2022-07-07T06:09:35.629+00:00","status":500,"error":"Internal Server Error","trace":"io.jsonwebtoken.ExpiredJwtException: JWT expired at 2022-07-07T11:16:32Z. Current time: 2022-07-07T11... (10621 bytes)]] with root cause
"feign.FeignException$InternalServerError: [500] during [GET] to [http://localhost:8081/getid] [AuthorizationClient#getUserId(String)]: [{"timestamp":"2022-07-07T06:09:35.629+00:00","status":500,"error":"Internal Server Error","trace":"io.jsonwebtoken.ExpiredJwtException: JWT expired at 2022-07-07T11:16:32Z. Current time: 2022-07-07T11... (10621 bytes)]
	at feign.FeignException.serverErrorStatus(FeignException.java:250)
	at feign.FeignException.errorStatus(FeignException.java:197)
	at feign.FeignException.errorStatus(FeignException.java:185)
	at feign.codec.ErrorDecoder$Default.decode(ErrorDecoder.java:92)
	at feign.AsyncResponseHandler.handleResponse(AsyncResponseHandler.java:96)
	at feign.SynchronousMethodHandler.executeAndDecode(SynchronousMethodHandler.java:138)
	at feign.SynchronousMethodHandler.invoke(SynchronousMethodHandler.java:89)
	at feign.ReflectiveFeign$FeignInvocationHandler.invoke(ReflectiveFeign.java:100)
	at jdk.proxy4/jdk.proxy4.$Proxy133.getUserId(Unknown Source)
	at com.cts.calculatenetworth.controller.NetworthController.getAssetById(NetworthController.java:51)
	at java.base/jdk.internal.reflect.NativeMethodAccessorImpl.invoke0(Native Method)
	at java.base/jdk.internal.reflect.NativeMethodAccessorImpl.invoke(NativeMethodAccessorImpl.java:78)
	at java.base/jdk.internal.reflect.DelegatingMethodAccessorImpl.invoke(DelegatingMethodAccessorImpl.java:43)
	at java.base/java.lang.reflect.Method.invoke(Method.java:567)
	at org.springframework.web.method.support.InvocableHandlerMethod.doInvoke(InvocableHandlerMethod.java:205)
	at org.springframework.web.method.support.InvocableHandlerMethod.invokeForRequest(InvocableHandlerMethod.java:150)
	at org.springframework.web.servlet.mvc.method.annotation.ServletInvocableHandlerMethod.invokeAndHandle(ServletInvocableHandlerMethod.java:117)
	at org.springframework.web.servlet.mvc.method.annotation.RequestMappingHandlerAdapter.invokeHandlerMethod(RequestMappingHandlerAdapter.java:895)
	at org.springframework.web.servlet.mvc.method.annotation.RequestMappingHandlerAdapter.handleInternal(RequestMappingHandlerAdapter.java:808)
	at org.springframework.web.servlet.mvc.method.AbstractHandlerMethodAdapter.handle(AbstractHandlerMethodAdapter.java:87)
	at org.springframework.web.servlet.DispatcherServlet.doDispatch(DispatcherServlet.java:1067)
	at org.springframework.web.servlet.DispatcherServlet.doService(DispatcherServlet.java:963)
	at org.springframework.web.servlet.FrameworkServlet.processRequest(FrameworkServlet.java:1006)
	at org.springframework.web.servlet.FrameworkServlet.doGet(FrameworkServlet.java:898)
	at javax.servlet.http.HttpServlet.service(HttpServlet.java:655)
	at org.springframework.web.servlet.FrameworkServlet.service(FrameworkServlet.java:883)
	at javax.servlet.http.HttpServlet.service(HttpServlet.java:764)
	at org.apache.catalina.core.ApplicationFilterChain.internalDoFilter(ApplicationFilterChain.java:227)
	at org.apache.catalina.core.ApplicationFilterChain.doFilter(ApplicationFilterChain.java:162)
	at org.apache.tomcat.websocket.server.WsFilter.doFilter(WsFilter.java:53)
	at org.apache.catalina.core.ApplicationFilterChain.internalDoFilter(ApplicationFilterChain.java:189)
	at org.apache.catalina.core.ApplicationFilterChain.doFilter(ApplicationFilterChain.java:162)
	at org.springframework.web.filter.RequestContextFilter.doFilterInternal(RequestContextFilter.java:100)
	at org.springframework.web.filter.OncePerRequestFilter.doFilter(OncePerRequestFilter.java:117)
	at org.apache.catalina.core.ApplicationFilterChain.internalDoFilter(ApplicationFilterChain.java:189)
	at org.apache.catalina.core.ApplicationFilterChain.doFilter(ApplicationFilterChain.java:162)
	at org.springframework.web.filter.FormContentFilter.doFilterInternal(FormContentFilter.java:93)
	at org.springframework.web.filter.OncePerRequestFilter.doFilter(OncePerRequestFilter.java:117)
	at org.apache.catalina.core.ApplicationFilterChain.internalDoFilter(ApplicationFilterChain.java:189)
	at org.apache.catalina.core.ApplicationFilterChain.doFilter(ApplicationFilterChain.java:162)
	at org.springframework.web.filter.CharacterEncodingFilter.doFilterInternal(CharacterEncodingFilter.java:201)
	at org.springframework.web.filter.OncePerRequestFilter.doFilter(OncePerRequestFilter.java:117)
	at org.apache.catalina.core.ApplicationFilterChain.internalDoFilter(ApplicationFilterChain.java:189)
	at org.apache.catalina.core.ApplicationFilterChain.doFilter(ApplicationFilterChain.java:162)
	at org.apache.catalina.core.StandardWrapperValve.invoke(StandardWrapperValve.java:197)
	at org.apache.catalina.core.StandardContextValve.invoke(StandardContextValve.java:97)
	at org.apache.catalina.authenticator.AuthenticatorBase.invoke(AuthenticatorBase.java:540)
	at org.apache.catalina.core.StandardHostValve.invoke(StandardHostValve.java:135)
	at org.apache.catalina.valves.ErrorReportValve.invoke(ErrorReportValve.java:92)
	at org.apache.catalina.core.StandardEngineValve.invoke(StandardEngineValve.java:78)
	at org.apache.catalina.connector.CoyoteAdapter.service(CoyoteAdapter.java:359)
	at org.apache.coyote.http11.Http11Processor.service(Http11Processor.java:399)
	at org.apache.coyote.AbstractProcessorLight.process(AbstractProcessorLight.java:65)
	at org.apache.coyote.AbstractProtocol$ConnectionHandler.process(AbstractProtocol.java:889)
	at org.apache.tomcat.util.net.NioEndpoint$SocketProcessor.doRun(NioEndpoint.java:1735)
	at org.apache.tomcat.util.net.SocketProcessorBase.run(SocketProcessorBase.java:49)
	at org.apache.tomcat.util.threads.ThreadPoolExecutor.runWorker(ThreadPoolExecutor.java:1191)
	at org.apache.tomcat.util.threads.ThreadPoolExecutor$Worker.run(ThreadPoolExecutor.java:659)
	at org.apache.tomcat.util.threads.TaskThread$WrappingRunnable.run(TaskThread.java:61)
	at java.base/java.lang.Thread.run(Thread.java:831)
"2022-07-07 11:39:38 [http-nio-8084-exec-10] ERROR o.a.c.c.C.[.[.[.[dispatcherServlet] - Servlet.service() for servlet [dispatcherServlet] in context with path [] threw exception [Request processing failed; nested exception is feign.FeignException$InternalServerError: [500] during [GET] to [http://localhost:8081/getid] [AuthorizationClient#getUserId(String)]: [{"timestamp":"2022-07-07T06:09:38.171+00:00","status":500,"error":"Internal Server Error","trace":"io.jsonwebtoken.ExpiredJwtException: JWT expired at 2022-07-07T11:16:32Z. Current time: 2022-07-07T11... (10621 bytes)]] with root cause
"feign.FeignException$InternalServerError: [500] during [GET] to [http://localhost:8081/getid] [AuthorizationClient#getUserId(String)]: [{"timestamp":"2022-07-07T06:09:38.171+00:00","status":500,"error":"Internal Server Error","trace":"io.jsonwebtoken.ExpiredJwtException: JWT expired at 2022-07-07T11:16:32Z. Current time: 2022-07-07T11... (10621 bytes)]
	at feign.FeignException.serverErrorStatus(FeignException.java:250)
	at feign.FeignException.errorStatus(FeignException.java:197)
	at feign.FeignException.errorStatus(FeignException.java:185)
	at feign.codec.ErrorDecoder$Default.decode(ErrorDecoder.java:92)
	at feign.AsyncResponseHandler.handleResponse(AsyncResponseHandler.java:96)
	at feign.SynchronousMethodHandler.executeAndDecode(SynchronousMethodHandler.java:138)
	at feign.SynchronousMethodHandler.invoke(SynchronousMethodHandler.java:89)
	at feign.ReflectiveFeign$FeignInvocationHandler.invoke(ReflectiveFeign.java:100)
	at jdk.proxy4/jdk.proxy4.$Proxy133.getUserId(Unknown Source)
	at com.cts.calculatenetworth.controller.NetworthController.sellingAssets(NetworthController.java:66)
	at java.base/jdk.internal.reflect.NativeMethodAccessorImpl.invoke0(Native Method)
	at java.base/jdk.internal.reflect.NativeMethodAccessorImpl.invoke(NativeMethodAccessorImpl.java:78)
	at java.base/jdk.internal.reflect.DelegatingMethodAccessorImpl.invoke(DelegatingMethodAccessorImpl.java:43)
	at java.base/java.lang.reflect.Method.invoke(Method.java:567)
	at org.springframework.web.method.support.InvocableHandlerMethod.doInvoke(InvocableHandlerMethod.java:205)
	at org.springframework.web.method.support.InvocableHandlerMethod.invokeForRequest(InvocableHandlerMethod.java:150)
	at org.springframework.web.servlet.mvc.method.annotation.ServletInvocableHandlerMethod.invokeAndHandle(ServletInvocableHandlerMethod.java:117)
	at org.springframework.web.servlet.mvc.method.annotation.RequestMappingHandlerAdapter.invokeHandlerMethod(RequestMappingHandlerAdapter.java:895)
	at org.springframework.web.servlet.mvc.method.annotation.RequestMappingHandlerAdapter.handleInternal(RequestMappingHandlerAdapter.java:808)
	at org.springframework.web.servlet.mvc.method.AbstractHandlerMethodAdapter.handle(AbstractHandlerMethodAdapter.java:87)
	at org.springframework.web.servlet.DispatcherServlet.doDispatch(DispatcherServlet.java:1067)
	at org.springframework.web.servlet.DispatcherServlet.doService(DispatcherServlet.java:963)
	at org.springframework.web.servlet.FrameworkServlet.processRequest(FrameworkServlet.java:1006)
	at org.springframework.web.servlet.FrameworkServlet.doPost(FrameworkServlet.java:909)
	at javax.servlet.http.HttpServlet.service(HttpServlet.java:681)
	at org.springframework.web.servlet.FrameworkServlet.service(FrameworkServlet.java:883)
	at javax.servlet.http.HttpServlet.service(HttpServlet.java:764)
	at org.apache.catalina.core.ApplicationFilterChain.internalDoFilter(ApplicationFilterChain.java:227)
	at org.apache.catalina.core.ApplicationFilterChain.doFilter(ApplicationFilterChain.java:162)
	at org.apache.tomcat.websocket.server.WsFilter.doFilter(WsFilter.java:53)
	at org.apache.catalina.core.ApplicationFilterChain.internalDoFilter(ApplicationFilterChain.java:189)
	at org.apache.catalina.core.ApplicationFilterChain.doFilter(ApplicationFilterChain.java:162)
	at org.springframework.web.filter.RequestContextFilter.doFilterInternal(RequestContextFilter.java:100)
	at org.springframework.web.filter.OncePerRequestFilter.doFilter(OncePerRequestFilter.java:117)
	at org.apache.catalina.core.ApplicationFilterChain.internalDoFilter(ApplicationFilterChain.java:189)
	at org.apache.catalina.core.ApplicationFilterChain.doFilter(ApplicationFilterChain.java:162)
	at org.springframework.web.filter.FormContentFilter.doFilterInternal(FormContentFilter.java:93)
	at org.springframework.web.filter.OncePerRequestFilter.doFilter(OncePerRequestFilter.java:117)
	at org.apache.catalina.core.ApplicationFilterChain.internalDoFilter(ApplicationFilterChain.java:189)
	at org.apache.catalina.core.ApplicationFilterChain.doFilter(ApplicationFilterChain.java:162)
	at org.springframework.web.filter.CharacterEncodingFilter.doFilterInternal(CharacterEncodingFilter.java:201)
	at org.springframework.web.filter.OncePerRequestFilter.doFilter(OncePerRequestFilter.java:117)
	at org.apache.catalina.core.ApplicationFilterChain.internalDoFilter(ApplicationFilterChain.java:189)
	at org.apache.catalina.core.ApplicationFilterChain.doFilter(ApplicationFilterChain.java:162)
	at org.apache.catalina.core.StandardWrapperValve.invoke(StandardWrapperValve.java:197)
	at org.apache.catalina.core.StandardContextValve.invoke(StandardContextValve.java:97)
	at org.apache.catalina.authenticator.AuthenticatorBase.invoke(AuthenticatorBase.java:540)
	at org.apache.catalina.core.StandardHostValve.invoke(StandardHostValve.java:135)
	at org.apache.catalina.valves.ErrorReportValve.invoke(ErrorReportValve.java:92)
	at org.apache.catalina.core.StandardEngineValve.invoke(StandardEngineValve.java:78)
	at org.apache.catalina.connector.CoyoteAdapter.service(CoyoteAdapter.java:359)
	at org.apache.coyote.http11.Http11Processor.service(Http11Processor.java:399)
	at org.apache.coyote.AbstractProcessorLight.process(AbstractProcessorLight.java:65)
	at org.apache.coyote.AbstractProtocol$ConnectionHandler.process(AbstractProtocol.java:889)
	at org.apache.tomcat.util.net.NioEndpoint$SocketProcessor.doRun(NioEndpoint.java:1735)
	at org.apache.tomcat.util.net.SocketProcessorBase.run(SocketProcessorBase.java:49)
	at org.apache.tomcat.util.threads.ThreadPoolExecutor.runWorker(ThreadPoolExecutor.java:1191)
	at org.apache.tomcat.util.threads.ThreadPoolExecutor$Worker.run(ThreadPoolExecutor.java:659)
	at org.apache.tomcat.util.threads.TaskThread$WrappingRunnable.run(TaskThread.java:61)
	at java.base/java.lang.Thread.run(Thread.java:831)
"2022-07-07 11:39:38 [http-nio-8084-exec-1] ERROR o.a.c.c.C.[.[.[.[dispatcherServlet] - Servlet.service() for servlet [dispatcherServlet] in context with path [] threw exception [Request processing failed; nested exception is feign.FeignException$InternalServerError: [500] during [GET] to [http://localhost:8081/getid] [AuthorizationClient#getUserId(String)]: [{"timestamp":"2022-07-07T06:09:38.961+00:00","status":500,"error":"Internal Server Error","trace":"io.jsonwebtoken.ExpiredJwtException: JWT expired at 2022-07-07T11:16:32Z. Current time: 2022-07-07T11... (10621 bytes)]] with root cause
"feign.FeignException$InternalServerError: [500] during [GET] to [http://localhost:8081/getid] [AuthorizationClient#getUserId(String)]: [{"timestamp":"2022-07-07T06:09:38.961+00:00","status":500,"error":"Internal Server Error","trace":"io.jsonwebtoken.ExpiredJwtException: JWT expired at 2022-07-07T11:16:32Z. Current time: 2022-07-07T11... (10621 bytes)]
	at feign.FeignException.serverErrorStatus(FeignException.java:250)
	at feign.FeignException.errorStatus(FeignException.java:197)
	at feign.FeignException.errorStatus(FeignException.java:185)
	at feign.codec.ErrorDecoder$Default.decode(ErrorDecoder.java:92)
	at feign.AsyncResponseHandler.handleResponse(AsyncResponseHandler.java:96)
	at feign.SynchronousMethodHandler.executeAndDecode(SynchronousMethodHandler.java:138)
	at feign.SynchronousMethodHandler.invoke(SynchronousMethodHandler.java:89)
	at feign.ReflectiveFeign$FeignInvocationHandler.invoke(ReflectiveFeign.java:100)
	at jdk.proxy4/jdk.proxy4.$Proxy133.getUserId(Unknown Source)
	at com.cts.calculatenetworth.controller.NetworthController.sellingAssets(NetworthController.java:66)
	at java.base/jdk.internal.reflect.NativeMethodAccessorImpl.invoke0(Native Method)
	at java.base/jdk.internal.reflect.NativeMethodAccessorImpl.invoke(NativeMethodAccessorImpl.java:78)
	at java.base/jdk.internal.reflect.DelegatingMethodAccessorImpl.invoke(DelegatingMethodAccessorImpl.java:43)
	at java.base/java.lang.reflect.Method.invoke(Method.java:567)
	at org.springframework.web.method.support.InvocableHandlerMethod.doInvoke(InvocableHandlerMethod.java:205)
	at org.springframework.web.method.support.InvocableHandlerMethod.invokeForRequest(InvocableHandlerMethod.java:150)
	at org.springframework.web.servlet.mvc.method.annotation.ServletInvocableHandlerMethod.invokeAndHandle(ServletInvocableHandlerMethod.java:117)
	at org.springframework.web.servlet.mvc.method.annotation.RequestMappingHandlerAdapter.invokeHandlerMethod(RequestMappingHandlerAdapter.java:895)
	at org.springframework.web.servlet.mvc.method.annotation.RequestMappingHandlerAdapter.handleInternal(RequestMappingHandlerAdapter.java:808)
	at org.springframework.web.servlet.mvc.method.AbstractHandlerMethodAdapter.handle(AbstractHandlerMethodAdapter.java:87)
	at org.springframework.web.servlet.DispatcherServlet.doDispatch(DispatcherServlet.java:1067)
	at org.springframework.web.servlet.DispatcherServlet.doService(DispatcherServlet.java:963)
	at org.springframework.web.servlet.FrameworkServlet.processRequest(FrameworkServlet.java:1006)
	at org.springframework.web.servlet.FrameworkServlet.doPost(FrameworkServlet.java:909)
	at javax.servlet.http.HttpServlet.service(HttpServlet.java:681)
	at org.springframework.web.servlet.FrameworkServlet.service(FrameworkServlet.java:883)
	at javax.servlet.http.HttpServlet.service(HttpServlet.java:764)
	at org.apache.catalina.core.ApplicationFilterChain.internalDoFilter(ApplicationFilterChain.java:227)
	at org.apache.catalina.core.ApplicationFilterChain.doFilter(ApplicationFilterChain.java:162)
	at org.apache.tomcat.websocket.server.WsFilter.doFilter(WsFilter.java:53)
	at org.apache.catalina.core.ApplicationFilterChain.internalDoFilter(ApplicationFilterChain.java:189)
	at org.apache.catalina.core.ApplicationFilterChain.doFilter(ApplicationFilterChain.java:162)
	at org.springframework.web.filter.RequestContextFilter.doFilterInternal(RequestContextFilter.java:100)
	at org.springframework.web.filter.OncePerRequestFilter.doFilter(OncePerRequestFilter.java:117)
	at org.apache.catalina.core.ApplicationFilterChain.internalDoFilter(ApplicationFilterChain.java:189)
	at org.apache.catalina.core.ApplicationFilterChain.doFilter(ApplicationFilterChain.java:162)
	at org.springframework.web.filter.FormContentFilter.doFilterInternal(FormContentFilter.java:93)
	at org.springframework.web.filter.OncePerRequestFilter.doFilter(OncePerRequestFilter.java:117)
	at org.apache.catalina.core.ApplicationFilterChain.internalDoFilter(ApplicationFilterChain.java:189)
	at org.apache.catalina.core.ApplicationFilterChain.doFilter(ApplicationFilterChain.java:162)
	at org.springframework.web.filter.CharacterEncodingFilter.doFilterInternal(CharacterEncodingFilter.java:201)
	at org.springframework.web.filter.OncePerRequestFilter.doFilter(OncePerRequestFilter.java:117)
	at org.apache.catalina.core.ApplicationFilterChain.internalDoFilter(ApplicationFilterChain.java:189)
	at org.apache.catalina.core.ApplicationFilterChain.doFilter(ApplicationFilterChain.java:162)
	at org.apache.catalina.core.StandardWrapperValve.invoke(StandardWrapperValve.java:197)
	at org.apache.catalina.core.StandardContextValve.invoke(StandardContextValve.java:97)
	at org.apache.catalina.authenticator.AuthenticatorBase.invoke(AuthenticatorBase.java:540)
	at org.apache.catalina.core.StandardHostValve.invoke(StandardHostValve.java:135)
	at org.apache.catalina.valves.ErrorReportValve.invoke(ErrorReportValve.java:92)
	at org.apache.catalina.core.StandardEngineValve.invoke(StandardEngineValve.java:78)
	at org.apache.catalina.connector.CoyoteAdapter.service(CoyoteAdapter.java:359)
	at org.apache.coyote.http11.Http11Processor.service(Http11Processor.java:399)
	at org.apache.coyote.AbstractProcessorLight.process(AbstractProcessorLight.java:65)
	at org.apache.coyote.AbstractProtocol$ConnectionHandler.process(AbstractProtocol.java:889)
	at org.apache.tomcat.util.net.NioEndpoint$SocketProcessor.doRun(NioEndpoint.java:1735)
	at org.apache.tomcat.util.net.SocketProcessorBase.run(SocketProcessorBase.java:49)
	at org.apache.tomcat.util.threads.ThreadPoolExecutor.runWorker(ThreadPoolExecutor.java:1191)
	at org.apache.tomcat.util.threads.ThreadPoolExecutor$Worker.run(ThreadPoolExecutor.java:659)
	at org.apache.tomcat.util.threads.TaskThread$WrappingRunnable.run(TaskThread.java:61)
	at java.base/java.lang.Thread.run(Thread.java:831)
"2022-07-07 11:40:32 [http-nio-8084-exec-2] INFO  c.c.c.controller.NetworthController - finding portfolio by id...
""2022-07-07 11:40:35 [http-nio-8084-exec-3] INFO  c.c.c.controller.NetworthController - selling started...
""2022-07-07 11:40:35 [http-nio-8084-exec-3] INFO  c.c.c.controller.NetworthController - successfully sell....
""2022-07-07 11:40:35 [http-nio-8084-exec-4] INFO  c.c.c.controller.NetworthController - finding portfolio by id...
""2022-07-07 11:41:26 [http-nio-8084-exec-7] INFO  c.c.c.controller.NetworthController - selling started...
""2022-07-07 11:41:26 [http-nio-8084-exec-7] INFO  c.c.c.controller.NetworthController - Having Problem in selling....
""2022-07-07 11:41:26 [http-nio-8084-exec-7] INFO  c.c.c.controller.NetworthController - .............1
""2022-07-07 11:41:26 [http-nio-8084-exec-6] INFO  c.c.c.controller.NetworthController - finding portfolio by id...
""2022-07-07 16:52:02 [main] INFO  c.c.c.CalculateNetworthApplicationTests - Starting CalculateNetworthApplicationTests using Java 16.0.1 on LAPTOP-CJKHE4KD with PID 14280 (started by mdsai in D:\Codes\MFPE-POD3\Portfolio project\CalculateNetworth1\CalculateNetworth)
""2022-07-07 16:52:02 [main] INFO  c.c.c.CalculateNetworthApplicationTests - No active profile set, falling back to 1 default profile: "default"
""2022-07-07 16:52:03 [main] INFO  o.s.d.r.c.RepositoryConfigurationDelegate - Bootstrapping Spring Data JPA repositories in DEFAULT mode.
""2022-07-07 16:52:03 [main] INFO  o.s.d.r.c.RepositoryConfigurationDelegate - Finished Spring Data repository scanning in 42 ms. Found 3 JPA repository interfaces.
""2022-07-07 16:52:03 [main] INFO  o.s.cloud.context.scope.GenericScope - BeanFactory id=c795f968-27bf-33be-8216-ba13cb118e8e
""2022-07-07 16:52:03 [main] INFO  com.zaxxer.hikari.HikariDataSource - HikariPool-1 - Starting...
""2022-07-07 16:52:04 [main] INFO  com.zaxxer.hikari.HikariDataSource - HikariPool-1 - Start completed.
""2022-07-07 16:52:04 [main] INFO  o.h.jpa.internal.util.LogHelper - HHH000204: Processing PersistenceUnitInfo [name: default]
""2022-07-07 16:52:04 [main] INFO  org.hibernate.Version - HHH000412: Hibernate ORM core version 5.6.5.Final
""2022-07-07 16:52:04 [main] INFO  o.h.annotations.common.Version - HCANN000001: Hibernate Commons Annotations {5.1.2.Final}
""2022-07-07 16:52:04 [main] INFO  org.hibernate.dialect.Dialect - HHH000400: Using dialect: org.hibernate.dialect.H2Dialect
""2022-07-07 16:52:05 [main] INFO  o.h.e.t.j.p.i.JtaPlatformInitiator - HHH000490: Using JtaPlatform implementation: [org.hibernate.engine.transaction.jta.platform.internal.NoJtaPlatform]
""2022-07-07 16:52:05 [main] INFO  o.s.o.j.LocalContainerEntityManagerFactoryBean - Initialized JPA EntityManagerFactory for persistence unit 'default'
""2022-07-07 16:52:05 [main] WARN  o.s.b.a.o.j.JpaBaseConfiguration$JpaWebConfiguration - spring.jpa.open-in-view is enabled by default. Therefore, database queries may be performed during view rendering. Explicitly configure spring.jpa.open-in-view to disable this warning
""2022-07-07 16:52:05 [main] INFO  o.s.b.a.h.H2ConsoleAutoConfiguration - H2 console available at '/h2-console'. Database available at 'jdbc:h2:mem:pms'
""2022-07-07 16:52:07 [main] INFO  c.c.c.CalculateNetworthApplicationTests - Started CalculateNetworthApplicationTests in 5.983 seconds (JVM running for 6.858)
""2022-07-07 16:52:08 [main] INFO  o.s.b.t.a.w.s.WebMvcTestContextBootstrapper - Neither @ContextConfiguration nor @ContextHierarchy found for test class [com.cts.calculatenetworth.controller.NetworthControllerTest], using SpringBootContextLoader
""2022-07-07 16:52:08 [main] INFO  o.s.t.c.s.AbstractContextLoader - Could not detect default resource locations for test class [com.cts.calculatenetworth.controller.NetworthControllerTest]: no resource found for suffixes {-context.xml, Context.groovy}.
""2022-07-07 16:52:08 [main] INFO  o.s.t.c.s.AnnotationConfigContextLoaderUtils - Could not detect default configuration classes for test class [com.cts.calculatenetworth.controller.NetworthControllerTest]: NetworthControllerTest does not declare any static, non-private, non-final, nested classes annotated with @Configuration.
""2022-07-07 16:52:08 [main] INFO  o.s.b.t.c.SpringBootTestContextBootstrapper - Found @SpringBootConfiguration com.cts.calculatenetworth.CalculateNetworthApplication for test class com.cts.calculatenetworth.controller.NetworthControllerTest
""2022-07-07 16:52:08 [main] INFO  o.s.b.t.a.w.s.WebMvcTestContextBootstrapper - Loaded default TestExecutionListener class names from location [META-INF/spring.factories]: [org.springframework.boot.test.mock.mockito.MockitoTestExecutionListener, org.springframework.boot.test.mock.mockito.ResetMocksTestExecutionListener, org.springframework.boot.test.autoconfigure.restdocs.RestDocsTestExecutionListener, org.springframework.boot.test.autoconfigure.web.client.MockRestServiceServerResetTestExecutionListener, org.springframework.boot.test.autoconfigure.web.servlet.MockMvcPrintOnlyOnFailureTestExecutionListener, org.springframework.boot.test.autoconfigure.web.servlet.WebDriverTestExecutionListener, org.springframework.boot.test.autoconfigure.webservices.client.MockWebServiceServerTestExecutionListener, org.springframework.test.context.web.ServletTestExecutionListener, org.springframework.test.context.support.DirtiesContextBeforeModesTestExecutionListener, org.springframework.test.context.event.ApplicationEventsTestExecutionListener, org.springframework.test.context.support.DependencyInjectionTestExecutionListener, org.springframework.test.context.support.DirtiesContextTestExecutionListener, org.springframework.test.context.transaction.TransactionalTestExecutionListener, org.springframework.test.context.jdbc.SqlScriptsTestExecutionListener, org.springframework.test.context.event.EventPublishingTestExecutionListener]
""2022-07-07 16:52:08 [main] INFO  o.s.b.t.a.w.s.WebMvcTestContextBootstrapper - Using TestExecutionListeners: [org.springframework.test.context.web.ServletTestExecutionListener@577b2c5f, org.springframework.test.context.support.DirtiesContextBeforeModesTestExecutionListener@71eb4ea4, org.springframework.test.context.event.ApplicationEventsTestExecutionListener@2456716b, org.springframework.boot.test.mock.mockito.MockitoTestExecutionListener@63541960, org.springframework.boot.test.autoconfigure.SpringBootDependencyInjectionTestExecutionListener@6d43c881, org.springframework.test.context.support.DirtiesContextTestExecutionListener@467625e3, org.springframework.test.context.transaction.TransactionalTestExecutionListener@513cd96f, org.springframework.test.context.jdbc.SqlScriptsTestExecutionListener@12e04531, org.springframework.test.context.event.EventPublishingTestExecutionListener@6114902c, org.springframework.boot.test.mock.mockito.ResetMocksTestExecutionListener@16baf8d0, org.springframework.boot.test.autoconfigure.restdocs.RestDocsTestExecutionListener@217abcc9, org.springframework.boot.test.autoconfigure.web.client.MockRestServiceServerResetTestExecutionListener@3123ac1a, org.springframework.boot.test.autoconfigure.web.servlet.MockMvcPrintOnlyOnFailureTestExecutionListener@7473cfe2, org.springframework.boot.test.autoconfigure.web.servlet.WebDriverTestExecutionListener@354ed5c4, org.springframework.boot.test.autoconfigure.webservices.client.MockWebServiceServerTestExecutionListener@41a6ab50]
""2022-07-07 16:52:08 [main] INFO  c.c.c.c.NetworthControllerTest - Starting NetworthControllerTest using Java 16.0.1 on LAPTOP-CJKHE4KD with PID 14280 (started by mdsai in D:\Codes\MFPE-POD3\Portfolio project\CalculateNetworth1\CalculateNetworth)
""2022-07-07 16:52:08 [main] INFO  c.c.c.c.NetworthControllerTest - No active profile set, falling back to 1 default profile: "default"
""2022-07-07 16:52:09 [main] INFO  o.s.b.t.m.w.SpringBootMockServletContext - Initializing Spring TestDispatcherServlet ''
""2022-07-07 16:52:09 [main] INFO  o.s.t.w.s.TestDispatcherServlet - Initializing Servlet ''
""2022-07-07 16:52:09 [main] INFO  o.s.t.w.s.TestDispatcherServlet - Completed initialization in 0 ms
""2022-07-07 16:52:09 [main] INFO  c.c.c.c.NetworthControllerTest - Started NetworthControllerTest in 0.985 seconds (JVM running for 8.146)
""2022-07-07 16:52:09 [main] INFO  c.c.c.controller.NetworthController - calculating networth....
""2022-07-07 16:52:09 [main] INFO  c.c.c.controller.NetworthController - finding portfolio by id...
""2022-07-07 16:52:09 [main] INFO  o.s.b.t.c.SpringBootTestContextBootstrapper - Neither @ContextConfiguration nor @ContextHierarchy found for test class [com.cts.calculatenetworth.service.MutualFundServiceTest], using SpringBootContextLoader
""2022-07-07 16:52:09 [main] INFO  o.s.t.c.s.AbstractContextLoader - Could not detect default resource locations for test class [com.cts.calculatenetworth.service.MutualFundServiceTest]: no resource found for suffixes {-context.xml, Context.groovy}.
""2022-07-07 16:52:09 [main] INFO  o.s.t.c.s.AnnotationConfigContextLoaderUtils - Could not detect default configuration classes for test class [com.cts.calculatenetworth.service.MutualFundServiceTest]: MutualFundServiceTest does not declare any static, non-private, non-final, nested classes annotated with @Configuration.
""2022-07-07 16:52:09 [main] INFO  o.s.b.t.c.SpringBootTestContextBootstrapper - Found @SpringBootConfiguration com.cts.calculatenetworth.CalculateNetworthApplication for test class com.cts.calculatenetworth.service.MutualFundServiceTest
""2022-07-07 16:52:09 [main] INFO  o.s.b.t.c.SpringBootTestContextBootstrapper - Loaded default TestExecutionListener class names from location [META-INF/spring.factories]: [org.springframework.boot.test.mock.mockito.MockitoTestExecutionListener, org.springframework.boot.test.mock.mockito.ResetMocksTestExecutionListener, org.springframework.boot.test.autoconfigure.restdocs.RestDocsTestExecutionListener, org.springframework.boot.test.autoconfigure.web.client.MockRestServiceServerResetTestExecutionListener, org.springframework.boot.test.autoconfigure.web.servlet.MockMvcPrintOnlyOnFailureTestExecutionListener, org.springframework.boot.test.autoconfigure.web.servlet.WebDriverTestExecutionListener, org.springframework.boot.test.autoconfigure.webservices.client.MockWebServiceServerTestExecutionListener, org.springframework.test.context.web.ServletTestExecutionListener, org.springframework.test.context.support.DirtiesContextBeforeModesTestExecutionListener, org.springframework.test.context.event.ApplicationEventsTestExecutionListener, org.springframework.test.context.support.DependencyInjectionTestExecutionListener, org.springframework.test.context.support.DirtiesContextTestExecutionListener, org.springframework.test.context.transaction.TransactionalTestExecutionListener, org.springframework.test.context.jdbc.SqlScriptsTestExecutionListener, org.springframework.test.context.event.EventPublishingTestExecutionListener]
""2022-07-07 16:52:09 [main] INFO  o.s.b.t.c.SpringBootTestContextBootstrapper - Using TestExecutionListeners: [org.springframework.test.context.web.ServletTestExecutionListener@736de3b6, org.springframework.test.context.support.DirtiesContextBeforeModesTestExecutionListener@20fdf45a, org.springframework.test.context.event.ApplicationEventsTestExecutionListener@74876292, org.springframework.boot.test.mock.mockito.MockitoTestExecutionListener@3bb59485, org.springframework.boot.test.autoconfigure.SpringBootDependencyInjectionTestExecutionListener@27d9a016, org.springframework.test.context.support.DirtiesContextTestExecutionListener@68c9cf93, org.springframework.test.context.transaction.TransactionalTestExecutionListener@2715b3ea, org.springframework.test.context.jdbc.SqlScriptsTestExecutionListener@30130a31, org.springframework.test.context.event.EventPublishingTestExecutionListener@5aa0d535, org.springframework.boot.test.mock.mockito.ResetMocksTestExecutionListener@7cb32ca5, org.springframework.boot.test.autoconfigure.restdocs.RestDocsTestExecutionListener@76334a3a, org.springframework.boot.test.autoconfigure.web.client.MockRestServiceServerResetTestExecutionListener@5e59844f, org.springframework.boot.test.autoconfigure.web.servlet.MockMvcPrintOnlyOnFailureTestExecutionListener@28cfbcc, org.springframework.boot.test.autoconfigure.web.servlet.WebDriverTestExecutionListener@67bf393c, org.springframework.boot.test.autoconfigure.webservices.client.MockWebServiceServerTestExecutionListener@b31cd6b]
""2022-07-07 16:52:09 [main] INFO  c.c.c.service.MutualFundServiceTest - Starting MutualFundServiceTest using Java 16.0.1 on LAPTOP-CJKHE4KD with PID 14280 (started by mdsai in D:\Codes\MFPE-POD3\Portfolio project\CalculateNetworth1\CalculateNetworth)
""2022-07-07 16:52:09 [main] INFO  c.c.c.service.MutualFundServiceTest - No active profile set, falling back to 1 default profile: "default"
""2022-07-07 16:52:09 [main] INFO  o.s.d.r.c.RepositoryConfigurationDelegate - Bootstrapping Spring Data JPA repositories in DEFAULT mode.
""2022-07-07 16:52:09 [main] INFO  o.s.d.r.c.RepositoryConfigurationDelegate - Finished Spring Data repository scanning in 11 ms. Found 3 JPA repository interfaces.
""2022-07-07 16:52:09 [main] INFO  o.s.cloud.context.scope.GenericScope - BeanFactory id=c795f968-27bf-33be-8216-ba13cb118e8e
""2022-07-07 16:52:09 [main] INFO  com.zaxxer.hikari.HikariDataSource - HikariPool-2 - Starting...
""2022-07-07 16:52:09 [main] INFO  com.zaxxer.hikari.HikariDataSource - HikariPool-2 - Start completed.
""2022-07-07 16:52:09 [main] INFO  o.h.jpa.internal.util.LogHelper - HHH000204: Processing PersistenceUnitInfo [name: default]
""2022-07-07 16:52:09 [main] INFO  org.hibernate.dialect.Dialect - HHH000400: Using dialect: org.hibernate.dialect.H2Dialect
""2022-07-07 16:52:09 [main] INFO  o.h.e.t.j.p.i.JtaPlatformInitiator - HHH000490: Using JtaPlatform implementation: [org.hibernate.engine.transaction.jta.platform.internal.NoJtaPlatform]
""2022-07-07 16:52:09 [main] INFO  o.s.o.j.LocalContainerEntityManagerFactoryBean - Initialized JPA EntityManagerFactory for persistence unit 'default'
""2022-07-07 16:52:09 [main] WARN  o.s.b.a.o.j.JpaBaseConfiguration$JpaWebConfiguration - spring.jpa.open-in-view is enabled by default. Therefore, database queries may be performed during view rendering. Explicitly configure spring.jpa.open-in-view to disable this warning
""2022-07-07 16:52:09 [main] INFO  o.s.b.a.h.H2ConsoleAutoConfiguration - H2 console available at '/h2-console'. Database available at 'jdbc:h2:mem:pms'
""2022-07-07 16:52:10 [main] INFO  c.c.c.service.MutualFundServiceTest - Started MutualFundServiceTest in 1.405 seconds (JVM running for 9.677)
""2022-07-07 16:52:10 [main] INFO  o.s.b.t.c.SpringBootTestContextBootstrapper - Neither @ContextConfiguration nor @ContextHierarchy found for test class [com.cts.calculatenetworth.service.PortfolioDetailServiceTest], using SpringBootContextLoader
""2022-07-07 16:52:10 [main] INFO  o.s.t.c.s.AbstractContextLoader - Could not detect default resource locations for test class [com.cts.calculatenetworth.service.PortfolioDetailServiceTest]: no resource found for suffixes {-context.xml, Context.groovy}.
""2022-07-07 16:52:10 [main] INFO  o.s.t.c.s.AnnotationConfigContextLoaderUtils - Could not detect default configuration classes for test class [com.cts.calculatenetworth.service.PortfolioDetailServiceTest]: PortfolioDetailServiceTest does not declare any static, non-private, non-final, nested classes annotated with @Configuration.
""2022-07-07 16:52:10 [main] INFO  o.s.b.t.c.SpringBootTestContextBootstrapper - Found @SpringBootConfiguration com.cts.calculatenetworth.CalculateNetworthApplication for test class com.cts.calculatenetworth.service.PortfolioDetailServiceTest
""2022-07-07 16:52:10 [main] INFO  o.s.b.t.c.SpringBootTestContextBootstrapper - Loaded default TestExecutionListener class names from location [META-INF/spring.factories]: [org.springframework.boot.test.mock.mockito.MockitoTestExecutionListener, org.springframework.boot.test.mock.mockito.ResetMocksTestExecutionListener, org.springframework.boot.test.autoconfigure.restdocs.RestDocsTestExecutionListener, org.springframework.boot.test.autoconfigure.web.client.MockRestServiceServerResetTestExecutionListener, org.springframework.boot.test.autoconfigure.web.servlet.MockMvcPrintOnlyOnFailureTestExecutionListener, org.springframework.boot.test.autoconfigure.web.servlet.WebDriverTestExecutionListener, org.springframework.boot.test.autoconfigure.webservices.client.MockWebServiceServerTestExecutionListener, org.springframework.test.context.web.ServletTestExecutionListener, org.springframework.test.context.support.DirtiesContextBeforeModesTestExecutionListener, org.springframework.test.context.event.ApplicationEventsTestExecutionListener, org.springframework.test.context.support.DependencyInjectionTestExecutionListener, org.springframework.test.context.support.DirtiesContextTestExecutionListener, org.springframework.test.context.transaction.TransactionalTestExecutionListener, org.springframework.test.context.jdbc.SqlScriptsTestExecutionListener, org.springframework.test.context.event.EventPublishingTestExecutionListener]
""2022-07-07 16:52:10 [main] INFO  o.s.b.t.c.SpringBootTestContextBootstrapper - Using TestExecutionListeners: [org.springframework.test.context.web.ServletTestExecutionListener@72216f0b, org.springframework.test.context.support.DirtiesContextBeforeModesTestExecutionListener@3fa13835, org.springframework.test.context.event.ApplicationEventsTestExecutionListener@78edbe01, org.springframework.boot.test.mock.mockito.MockitoTestExecutionListener@438f205c, org.springframework.boot.test.autoconfigure.SpringBootDependencyInjectionTestExecutionListener@3a2f4611, org.springframework.test.context.support.DirtiesContextTestExecutionListener@cf9a1f1, org.springframework.test.context.transaction.TransactionalTestExecutionListener@19710bd9, org.springframework.test.context.jdbc.SqlScriptsTestExecutionListener@23c6556b, org.springframework.test.context.event.EventPublishingTestExecutionListener@631990cc, org.springframework.boot.test.mock.mockito.ResetMocksTestExecutionListener@222e4377, org.springframework.boot.test.autoconfigure.restdocs.RestDocsTestExecutionListener@3310bb28, org.springframework.boot.test.autoconfigure.web.client.MockRestServiceServerResetTestExecutionListener@22eccd2c, org.springframework.boot.test.autoconfigure.web.servlet.MockMvcPrintOnlyOnFailureTestExecutionListener@ddca64d, org.springframework.boot.test.autoconfigure.web.servlet.WebDriverTestExecutionListener@5d39797a, org.springframework.boot.test.autoconfigure.webservices.client.MockWebServiceServerTestExecutionListener@6bc6400e]
""2022-07-07 16:52:10 [main] INFO  c.c.c.s.PortfolioDetailServiceTest - Starting PortfolioDetailServiceTest using Java 16.0.1 on LAPTOP-CJKHE4KD with PID 14280 (started by mdsai in D:\Codes\MFPE-POD3\Portfolio project\CalculateNetworth1\CalculateNetworth)
""2022-07-07 16:52:10 [main] INFO  c.c.c.s.PortfolioDetailServiceTest - No active profile set, falling back to 1 default profile: "default"
""2022-07-07 16:52:11 [main] INFO  o.s.d.r.c.RepositoryConfigurationDelegate - Bootstrapping Spring Data JPA repositories in DEFAULT mode.
""2022-07-07 16:52:11 [main] INFO  o.s.d.r.c.RepositoryConfigurationDelegate - Finished Spring Data repository scanning in 10 ms. Found 3 JPA repository interfaces.
""2022-07-07 16:52:11 [main] INFO  o.s.cloud.context.scope.GenericScope - BeanFactory id=c795f968-27bf-33be-8216-ba13cb118e8e
""2022-07-07 16:52:11 [main] INFO  com.zaxxer.hikari.HikariDataSource - HikariPool-3 - Starting...
""2022-07-07 16:52:11 [main] INFO  com.zaxxer.hikari.HikariDataSource - HikariPool-3 - Start completed.
""2022-07-07 16:52:11 [main] INFO  o.h.jpa.internal.util.LogHelper - HHH000204: Processing PersistenceUnitInfo [name: default]
""2022-07-07 16:52:11 [main] INFO  org.hibernate.dialect.Dialect - HHH000400: Using dialect: org.hibernate.dialect.H2Dialect
""2022-07-07 16:52:11 [main] INFO  o.h.e.t.j.p.i.JtaPlatformInitiator - HHH000490: Using JtaPlatform implementation: [org.hibernate.engine.transaction.jta.platform.internal.NoJtaPlatform]
""2022-07-07 16:52:11 [main] INFO  o.s.o.j.LocalContainerEntityManagerFactoryBean - Initialized JPA EntityManagerFactory for persistence unit 'default'
""2022-07-07 16:52:11 [main] WARN  o.s.b.a.o.j.JpaBaseConfiguration$JpaWebConfiguration - spring.jpa.open-in-view is enabled by default. Therefore, database queries may be performed during view rendering. Explicitly configure spring.jpa.open-in-view to disable this warning
""2022-07-07 16:52:11 [main] INFO  o.s.b.a.h.H2ConsoleAutoConfiguration - H2 console available at '/h2-console'. Database available at 'jdbc:h2:mem:pms'
""2022-07-07 16:52:11 [main] INFO  c.c.c.s.PortfolioDetailServiceTest - Started PortfolioDetailServiceTest in 1.295 seconds (JVM running for 11.016)
""2022-07-07 16:52:11 [main] INFO  o.s.b.t.c.SpringBootTestContextBootstrapper - Neither @ContextConfiguration nor @ContextHierarchy found for test class [com.cts.calculatenetworth.service.StockDetailServiceTest], using SpringBootContextLoader
""2022-07-07 16:52:11 [main] INFO  o.s.t.c.s.AbstractContextLoader - Could not detect default resource locations for test class [com.cts.calculatenetworth.service.StockDetailServiceTest]: no resource found for suffixes {-context.xml, Context.groovy}.
""2022-07-07 16:52:11 [main] INFO  o.s.t.c.s.AnnotationConfigContextLoaderUtils - Could not detect default configuration classes for test class [com.cts.calculatenetworth.service.StockDetailServiceTest]: StockDetailServiceTest does not declare any static, non-private, non-final, nested classes annotated with @Configuration.
""2022-07-07 16:52:11 [main] INFO  o.s.b.t.c.SpringBootTestContextBootstrapper - Found @SpringBootConfiguration com.cts.calculatenetworth.CalculateNetworthApplication for test class com.cts.calculatenetworth.service.StockDetailServiceTest
""2022-07-07 16:52:11 [main] INFO  o.s.b.t.c.SpringBootTestContextBootstrapper - Loaded default TestExecutionListener class names from location [META-INF/spring.factories]: [org.springframework.boot.test.mock.mockito.MockitoTestExecutionListener, org.springframework.boot.test.mock.mockito.ResetMocksTestExecutionListener, org.springframework.boot.test.autoconfigure.restdocs.RestDocsTestExecutionListener, org.springframework.boot.test.autoconfigure.web.client.MockRestServiceServerResetTestExecutionListener, org.springframework.boot.test.autoconfigure.web.servlet.MockMvcPrintOnlyOnFailureTestExecutionListener, org.springframework.boot.test.autoconfigure.web.servlet.WebDriverTestExecutionListener, org.springframework.boot.test.autoconfigure.webservices.client.MockWebServiceServerTestExecutionListener, org.springframework.test.context.web.ServletTestExecutionListener, org.springframework.test.context.support.DirtiesContextBeforeModesTestExecutionListener, org.springframework.test.context.event.ApplicationEventsTestExecutionListener, org.springframework.test.context.support.DependencyInjectionTestExecutionListener, org.springframework.test.context.support.DirtiesContextTestExecutionListener, org.springframework.test.context.transaction.TransactionalTestExecutionListener, org.springframework.test.context.jdbc.SqlScriptsTestExecutionListener, org.springframework.test.context.event.EventPublishingTestExecutionListener]
""2022-07-07 16:52:11 [main] INFO  o.s.b.t.c.SpringBootTestContextBootstrapper - Using TestExecutionListeners: [org.springframework.test.context.web.ServletTestExecutionListener@199f2854, org.springframework.test.context.support.DirtiesContextBeforeModesTestExecutionListener@5c9cbc69, org.springframework.test.context.event.ApplicationEventsTestExecutionListener@60a4e124, org.springframework.boot.test.mock.mockito.MockitoTestExecutionListener@3815c525, org.springframework.boot.test.autoconfigure.SpringBootDependencyInjectionTestExecutionListener@58a887fb, org.springframework.test.context.support.DirtiesContextTestExecutionListener@61ee1773, org.springframework.test.context.transaction.TransactionalTestExecutionListener@268467ab, org.springframework.test.context.jdbc.SqlScriptsTestExecutionListener@30aeb2b3, org.springframework.test.context.event.EventPublishingTestExecutionListener@2ca57c02, org.springframework.boot.test.mock.mockito.ResetMocksTestExecutionListener@3d61b36a, org.springframework.boot.test.autoconfigure.restdocs.RestDocsTestExecutionListener@38dd3252, org.springframework.boot.test.autoconfigure.web.client.MockRestServiceServerResetTestExecutionListener@7da324d0, org.springframework.boot.test.autoconfigure.web.servlet.MockMvcPrintOnlyOnFailureTestExecutionListener@7a61020a, org.springframework.boot.test.autoconfigure.web.servlet.WebDriverTestExecutionListener@4aab04cf, org.springframework.boot.test.autoconfigure.webservices.client.MockWebServiceServerTestExecutionListener@1b35f06a]
""2022-07-07 16:52:12 [main] INFO  c.c.c.service.StockDetailServiceTest - Starting StockDetailServiceTest using Java 16.0.1 on LAPTOP-CJKHE4KD with PID 14280 (started by mdsai in D:\Codes\MFPE-POD3\Portfolio project\CalculateNetworth1\CalculateNetworth)
""2022-07-07 16:52:12 [main] INFO  c.c.c.service.StockDetailServiceTest - No active profile set, falling back to 1 default profile: "default"
""2022-07-07 16:52:12 [main] INFO  o.s.d.r.c.RepositoryConfigurationDelegate - Bootstrapping Spring Data JPA repositories in DEFAULT mode.
""2022-07-07 16:52:12 [main] INFO  o.s.d.r.c.RepositoryConfigurationDelegate - Finished Spring Data repository scanning in 8 ms. Found 3 JPA repository interfaces.
""2022-07-07 16:52:12 [main] INFO  o.s.cloud.context.scope.GenericScope - BeanFactory id=c795f968-27bf-33be-8216-ba13cb118e8e
""2022-07-07 16:52:12 [main] INFO  com.zaxxer.hikari.HikariDataSource - HikariPool-4 - Starting...
""2022-07-07 16:52:12 [main] INFO  com.zaxxer.hikari.HikariDataSource - HikariPool-4 - Start completed.
""2022-07-07 16:52:12 [main] INFO  o.h.jpa.internal.util.LogHelper - HHH000204: Processing PersistenceUnitInfo [name: default]
""2022-07-07 16:52:12 [main] INFO  org.hibernate.dialect.Dialect - HHH000400: Using dialect: org.hibernate.dialect.H2Dialect
""2022-07-07 16:52:12 [main] INFO  o.h.e.t.j.p.i.JtaPlatformInitiator - HHH000490: Using JtaPlatform implementation: [org.hibernate.engine.transaction.jta.platform.internal.NoJtaPlatform]
""2022-07-07 16:52:12 [main] INFO  o.s.o.j.LocalContainerEntityManagerFactoryBean - Initialized JPA EntityManagerFactory for persistence unit 'default'
""2022-07-07 16:52:12 [main] WARN  o.s.b.a.o.j.JpaBaseConfiguration$JpaWebConfiguration - spring.jpa.open-in-view is enabled by default. Therefore, database queries may be performed during view rendering. Explicitly configure spring.jpa.open-in-view to disable this warning
""2022-07-07 16:52:12 [main] INFO  o.s.b.a.h.H2ConsoleAutoConfiguration - H2 console available at '/h2-console'. Database available at 'jdbc:h2:mem:pms'
""2022-07-07 16:52:13 [main] INFO  c.c.c.service.StockDetailServiceTest - Started StockDetailServiceTest in 1.172 seconds (JVM running for 12.21)
""2022-07-07 16:52:13 [SpringApplicationShutdownHook] INFO  o.s.o.j.LocalContainerEntityManagerFactoryBean - Closing JPA EntityManagerFactory for persistence unit 'default'
""2022-07-07 16:52:13 [SpringApplicationShutdownHook] INFO  com.zaxxer.hikari.HikariDataSource - HikariPool-1 - Shutdown initiated...
""2022-07-07 16:52:13 [SpringApplicationShutdownHook] INFO  com.zaxxer.hikari.HikariDataSource - HikariPool-1 - Shutdown completed.
""2022-07-07 16:52:13 [SpringApplicationShutdownHook] INFO  o.s.o.j.LocalContainerEntityManagerFactoryBean - Closing JPA EntityManagerFactory for persistence unit 'default'
""2022-07-07 16:52:13 [SpringApplicationShutdownHook] INFO  com.zaxxer.hikari.HikariDataSource - HikariPool-2 - Shutdown initiated...
""2022-07-07 16:52:13 [SpringApplicationShutdownHook] INFO  com.zaxxer.hikari.HikariDataSource - HikariPool-2 - Shutdown completed.
""2022-07-07 16:52:13 [SpringApplicationShutdownHook] INFO  o.s.o.j.LocalContainerEntityManagerFactoryBean - Closing JPA EntityManagerFactory for persistence unit 'default'
""2022-07-07 16:52:13 [SpringApplicationShutdownHook] INFO  com.zaxxer.hikari.HikariDataSource - HikariPool-3 - Shutdown initiated...
""2022-07-07 16:52:13 [SpringApplicationShutdownHook] INFO  com.zaxxer.hikari.HikariDataSource - HikariPool-3 - Shutdown completed.
""2022-07-07 16:52:13 [SpringApplicationShutdownHook] INFO  o.s.o.j.LocalContainerEntityManagerFactoryBean - Closing JPA EntityManagerFactory for persistence unit 'default'
""2022-07-07 16:52:13 [SpringApplicationShutdownHook] INFO  com.zaxxer.hikari.HikariDataSource - HikariPool-4 - Shutdown initiated...
""2022-07-07 16:52:13 [SpringApplicationShutdownHook] INFO  com.zaxxer.hikari.HikariDataSource - HikariPool-4 - Shutdown completed.
""2022-07-07 16:59:09 [restartedMain] INFO  c.c.c.CalculateNetworthApplication - Starting CalculateNetworthApplication using Java 16.0.1 on LAPTOP-CJKHE4KD with PID 13752 (D:\Codes\MFPE-POD3\Portfolio project\CalculateNetworth1\CalculateNetworth\target\classes started by mdsai in D:\Codes\MFPE-POD3\Portfolio project\CalculateNetworth1\CalculateNetworth)
""2022-07-07 16:59:09 [restartedMain] INFO  c.c.c.CalculateNetworthApplication - No active profile set, falling back to 1 default profile: "default"
""2022-07-07 16:59:09 [restartedMain] INFO  o.s.b.d.e.DevToolsPropertyDefaultsPostProcessor - Devtools property defaults active! Set 'spring.devtools.add-properties' to 'false' to disable
""2022-07-07 16:59:09 [restartedMain] INFO  o.s.b.d.e.DevToolsPropertyDefaultsPostProcessor - For additional web related logging consider setting the 'logging.level.web' property to 'DEBUG'
""2022-07-07 16:59:10 [restartedMain] INFO  o.s.d.r.c.RepositoryConfigurationDelegate - Bootstrapping Spring Data JPA repositories in DEFAULT mode.
""2022-07-07 16:59:10 [restartedMain] INFO  o.s.d.r.c.RepositoryConfigurationDelegate - Finished Spring Data repository scanning in 55 ms. Found 3 JPA repository interfaces.
""2022-07-07 16:59:10 [restartedMain] INFO  o.s.cloud.context.scope.GenericScope - BeanFactory id=1a346f62-3f8f-351a-b967-8e42e2e63520
""2022-07-07 16:59:11 [restartedMain] INFO  o.s.b.w.e.tomcat.TomcatWebServer - Tomcat initialized with port(s): 8084 (http)
""2022-07-07 16:59:11 [restartedMain] INFO  o.a.catalina.core.StandardService - Starting service [Tomcat]
""2022-07-07 16:59:11 [restartedMain] INFO  o.a.catalina.core.StandardEngine - Starting Servlet engine: [Apache Tomcat/9.0.58]
""2022-07-07 16:59:11 [restartedMain] INFO  o.a.c.c.C.[Tomcat].[localhost].[/] - Initializing Spring embedded WebApplicationContext
""2022-07-07 16:59:11 [restartedMain] INFO  o.s.b.w.s.c.ServletWebServerApplicationContext - Root WebApplicationContext: initialization completed in 2038 ms
""2022-07-07 16:59:11 [restartedMain] INFO  com.zaxxer.hikari.HikariDataSource - HikariPool-1 - Starting...
""2022-07-07 16:59:11 [restartedMain] INFO  com.zaxxer.hikari.HikariDataSource - HikariPool-1 - Start completed.
""2022-07-07 16:59:11 [restartedMain] INFO  o.s.b.a.h.H2ConsoleAutoConfiguration - H2 console available at '/h2-console'. Database available at 'jdbc:h2:mem:pms'
""2022-07-07 16:59:11 [restartedMain] INFO  o.h.jpa.internal.util.LogHelper - HHH000204: Processing PersistenceUnitInfo [name: default]
""2022-07-07 16:59:12 [restartedMain] INFO  org.hibernate.Version - HHH000412: Hibernate ORM core version 5.6.5.Final
""2022-07-07 16:59:12 [restartedMain] INFO  o.h.annotations.common.Version - HCANN000001: Hibernate Commons Annotations {5.1.2.Final}
""2022-07-07 16:59:12 [restartedMain] INFO  org.hibernate.dialect.Dialect - HHH000400: Using dialect: org.hibernate.dialect.H2Dialect
""2022-07-07 16:59:12 [restartedMain] INFO  o.h.e.t.j.p.i.JtaPlatformInitiator - HHH000490: Using JtaPlatform implementation: [org.hibernate.engine.transaction.jta.platform.internal.NoJtaPlatform]
""2022-07-07 16:59:12 [restartedMain] INFO  o.s.o.j.LocalContainerEntityManagerFactoryBean - Initialized JPA EntityManagerFactory for persistence unit 'default'
""2022-07-07 16:59:13 [restartedMain] WARN  o.s.b.a.o.j.JpaBaseConfiguration$JpaWebConfiguration - spring.jpa.open-in-view is enabled by default. Therefore, database queries may be performed during view rendering. Explicitly configure spring.jpa.open-in-view to disable this warning
""2022-07-07 16:59:13 [restartedMain] WARN  o.s.b.d.a.OptionalLiveReloadServer - Unable to start LiveReload server
""2022-07-07 16:59:14 [restartedMain] INFO  o.s.b.w.e.tomcat.TomcatWebServer - Tomcat started on port(s): 8084 (http) with context path ''
""2022-07-07 16:59:14 [restartedMain] INFO  c.c.c.CalculateNetworthApplication - Started CalculateNetworthApplication in 5.297 seconds (JVM running for 5.894)
"